[2026-01-13 21:08:16] local.ERROR: Call to undefined method App\Models\News::generateUniqueSlug() {"userId":1,"exception":"[object] (BadMethodCallException(code: 0): Call to undefined method App\\Models\\News::generateUniqueSlug() at /home/mmonlinemedia.org/agamirsomoy.mmonlinemedia.org/bangla-admin/vendor/laravel/framework/src/Illuminate/Support/Traits/ForwardsCalls.php:71)
[stacktrace]
#0 /home/mmonlinemedia.org/agamirsomoy.mmonlinemedia.org/bangla-admin/vendor/laravel/framework/src/Illuminate/Support/Traits/ForwardsCalls.php(36): Illuminate\\Database\\Eloquent\\Model::throwBadMethodCallException()
#1 /home/mmonlinemedia.org/agamirsomoy.mmonlinemedia.org/bangla-admin/vendor/laravel/framework/src/Illuminate/Database/Eloquent/Model.php(2132): Illuminate\\Database\\Eloquent\\Model->forwardCallTo()
#2 /home/mmonlinemedia.org/agamirsomoy.mmonlinemedia.org/bangla-admin/vendor/laravel/framework/src/Illuminate/Database/Eloquent/Model.php(2144): Illuminate\\Database\\Eloquent\\Model->__call()
#3 /home/mmonlinemedia.org/agamirsomoy.mmonlinemedia.org/bangla-admin/app/Http/Controllers/NewsController.php(121): Illuminate\\Database\\Eloquent\\Model::__callStatic()
#4 /home/mmonlinemedia.org/agamirsomoy.mmonlinemedia.org/bangla-admin/vendor/laravel/framework/src/Illuminate/Routing/Controller.php(54): App\\Http\\Controllers\\NewsController->store()
#5 /home/mmonlinemedia.org/agamirsomoy.mmonlinemedia.org/bangla-admin/vendor/laravel/framework/src/Illuminate/Routing/ControllerDispatcher.php(45): Illuminate\\Routing\\Controller->callAction()
#6 /home/mmonlinemedia.org/agamirsomoy.mmonlinemedia.org/bangla-admin/vendor/laravel/framework/src/Illuminate/Routing/Route.php(262): Illuminate\\Routing\\ControllerDispatcher->dispatch()
#7 /home/mmonlinemedia.org/agamirsomoy.mmonlinemedia.org/bangla-admin/vendor/laravel/framework/src/Illuminate/Routing/Route.php(205): Illuminate\\Routing\\Route->runController()
#8 /home/mmonlinemedia.org/agamirsomoy.mmonlinemedia.org/bangla-admin/vendor/laravel/framework/src/Illuminate/Routing/Router.php(721): Illuminate\\Routing\\Route->run()
#9 /home/mmonlinemedia.org/agamirsomoy.mmonlinemedia.org/bangla-admin/vendor/laravel/framework/src/Illuminate/Pipeline/Pipeline.php(128): Illuminate\\Routing\\Router->Illuminate\\Routing\\{closure}()
#10 /home/mmonlinemedia.org/agamirsomoy.mmonlinemedia.org/bangla-admin/vendor/laravel/framework/src/Illuminate/Routing/Middleware/SubstituteBindings.php(50): Illuminate\\Pipeline\\Pipeline->Illuminate\\Pipeline\\{closure}()
#11 /home/mmonlinemedia.org/agamirsomoy.mmonlinemedia.org/bangla-admin/vendor/laravel/framework/src/Illuminate/Pipeline/Pipeline.php(167): Illuminate\\Routing\\Middleware\\SubstituteBindings->handle()
#12 /home/mmonlinemedia.org/agamirsomoy.mmonlinemedia.org/bangla-admin/vendor/laravel/framework/src/Illuminate/Auth/Middleware/Authenticate.php(44): Illuminate\\Pipeline\\Pipeline->Illuminate\\Pipeline\\{closure}()
#13 /home/mmonlinemedia.org/agamirsomoy.mmonlinemedia.org/bangla-admin/vendor/laravel/framework/src/Illuminate/Pipeline/Pipeline.php(167): Illuminate\\Auth\\Middleware\\Authenticate->handle()
#14 /home/mmonlinemedia.org/agamirsomoy.mmonlinemedia.org/bangla-admin/vendor/laravel/framework/src/Illuminate/Foundation/Http/Middleware/VerifyCsrfToken.php(78): Illuminate\\Pipeline\\Pipeline->Illuminate\\Pipeline\\{closure}()
#15 /home/mmonlinemedia.org/agamirsomoy.mmonlinemedia.org/bangla-admin/vendor/laravel/framework/src/Illuminate/Pipeline/Pipeline.php(167): Illuminate\\Foundation\\Http\\Middleware\\VerifyCsrfToken->handle()
#16 /home/mmonlinemedia.org/agamirsomoy.mmonlinemedia.org/bangla-admin/vendor/laravel/framework/src/Illuminate/View/Middleware/ShareErrorsFromSession.php(49): Illuminate\\Pipeline\\Pipeline->Illuminate\\Pipeline\\{closure}()
#17 /home/mmonlinemedia.org/agamirsomoy.mmonlinemedia.org/bangla-admin/vendor/laravel/framework/src/Illuminate/Pipeline/Pipeline.php(167): Illuminate\\View\\Middleware\\ShareErrorsFromSession->handle()
#18 /home/mmonlinemedia.org/agamirsomoy.mmonlinemedia.org/bangla-admin/vendor/laravel/framework/src/Illuminate/Session/Middleware/StartSession.php(121): Illuminate\\Pipeline\\Pipeline->Illuminate\\Pipeline\\{closure}()
#19 /home/mmonlinemedia.org/agamirsomoy.mmonlinemedia.org/bangla-admin/vendor/laravel/framework/src/Illuminate/Session/Middleware/StartSession.php(64): Illuminate\\Session\\Middleware\\StartSession->handleStatefulRequest()
#20 /home/mmonlinemedia.org/agamirsomoy.mmonlinemedia.org/bangla-admin/vendor/laravel/framework/src/Illuminate/Pipeline/Pipeline.php(167): Illuminate\\Session\\Middleware\\StartSession->handle()
#21 /home/mmonlinemedia.org/agamirsomoy.mmonlinemedia.org/bangla-admin/vendor/laravel/framework/src/Illuminate/Cookie/Middleware/AddQueuedCookiesToResponse.php(37): Illuminate\\Pipeline\\Pipeline->Illuminate\\Pipeline\\{closure}()
#22 /home/mmonlinemedia.org/agamirsomoy.mmonlinemedia.org/bangla-admin/vendor/laravel/framework/src/Illuminate/Pipeline/Pipeline.php(167): Illuminate\\Cookie\\Middleware\\AddQueuedCookiesToResponse->handle()
#23 /home/mmonlinemedia.org/agamirsomoy.mmonlinemedia.org/bangla-admin/vendor/laravel/framework/src/Illuminate/Cookie/Middleware/EncryptCookies.php(67): Illuminate\\Pipeline\\Pipeline->Illuminate\\Pipeline\\{closure}()
#24 /home/mmonlinemedia.org/agamirsomoy.mmonlinemedia.org/bangla-admin/vendor/laravel/framework/src/Illuminate/Pipeline/Pipeline.php(167): Illuminate\\Cookie\\Middleware\\EncryptCookies->handle()
#25 /home/mmonlinemedia.org/agamirsomoy.mmonlinemedia.org/bangla-admin/vendor/laravel/framework/src/Illuminate/Pipeline/Pipeline.php(103): Illuminate\\Pipeline\\Pipeline->Illuminate\\Pipeline\\{closure}()
#26 /home/mmonlinemedia.org/agamirsomoy.mmonlinemedia.org/bangla-admin/vendor/laravel/framework/src/Illuminate/Routing/Router.php(723): Illuminate\\Pipeline\\Pipeline->then()
#27 /home/mmonlinemedia.org/agamirsomoy.mmonlinemedia.org/bangla-admin/vendor/laravel/framework/src/Illuminate/Routing/Router.php(698): Illuminate\\Routing\\Router->runRouteWithinStack()
#28 /home/mmonlinemedia.org/agamirsomoy.mmonlinemedia.org/bangla-admin/vendor/laravel/framework/src/Illuminate/Routing/Router.php(662): Illuminate\\Routing\\Router->runRoute()
#29 /home/mmonlinemedia.org/agamirsomoy.mmonlinemedia.org/bangla-admin/vendor/laravel/framework/src/Illuminate/Routing/Router.php(651): Illuminate\\Routing\\Router->dispatchToRoute()
#30 /home/mmonlinemedia.org/agamirsomoy.mmonlinemedia.org/bangla-admin/vendor/laravel/framework/src/Illuminate/Foundation/Http/Kernel.php(167): Illuminate\\Routing\\Router->dispatch()
#31 /home/mmonlinemedia.org/agamirsomoy.mmonlinemedia.org/bangla-admin/vendor/laravel/framework/src/Illuminate/Pipeline/Pipeline.php(128): Illuminate\\Foundation\\Http\\Kernel->Illuminate\\Foundation\\Http\\{closure}()
#32 /home/mmonlinemedia.org/agamirsomoy.mmonlinemedia.org/bangla-admin/vendor/fruitcake/laravel-cors/src/HandleCors.php(38): Illuminate\\Pipeline\\Pipeline->Illuminate\\Pipeline\\{closure}()
#33 /home/mmonlinemedia.org/agamirsomoy.mmonlinemedia.org/bangla-admin/vendor/laravel/framework/src/Illuminate/Pipeline/Pipeline.php(167): Fruitcake\\Cors\\HandleCors->handle()
#34 /home/mmonlinemedia.org/agamirsomoy.mmonlinemedia.org/bangla-admin/vendor/laravel/framework/src/Illuminate/Foundation/Http/Middleware/TransformsRequest.php(21): Illuminate\\Pipeline\\Pipeline->Illuminate\\Pipeline\\{closure}()
#35 /home/mmonlinemedia.org/agamirsomoy.mmonlinemedia.org/bangla-admin/vendor/laravel/framework/src/Illuminate/Foundation/Http/Middleware/ConvertEmptyStringsToNull.php(31): Illuminate\\Foundation\\Http\\Middleware\\TransformsRequest->handle()
#36 /home/mmonlinemedia.org/agamirsomoy.mmonlinemedia.org/bangla-admin/vendor/laravel/framework/src/Illuminate/Pipeline/Pipeline.php(167): Illuminate\\Foundation\\Http\\Middleware\\ConvertEmptyStringsToNull->handle()
#37 /home/mmonlinemedia.org/agamirsomoy.mmonlinemedia.org/bangla-admin/vendor/laravel/framework/src/Illuminate/Foundation/Http/Middleware/TransformsRequest.php(21): Illuminate\\Pipeline\\Pipeline->Illuminate\\Pipeline\\{closure}()
#38 /home/mmonlinemedia.org/agamirsomoy.mmonlinemedia.org/bangla-admin/vendor/laravel/framework/src/Illuminate/Foundation/Http/Middleware/TrimStrings.php(40): Illuminate\\Foundation\\Http\\Middleware\\TransformsRequest->handle()
#39 /home/mmonlinemedia.org/agamirsomoy.mmonlinemedia.org/bangla-admin/vendor/laravel/framework/src/Illuminate/Pipeline/Pipeline.php(167): Illuminate\\Foundation\\Http\\Middleware\\TrimStrings->handle()
#40 /home/mmonlinemedia.org/agamirsomoy.mmonlinemedia.org/bangla-admin/vendor/laravel/framework/src/Illuminate/Foundation/Http/Middleware/ValidatePostSize.php(27): Illuminate\\Pipeline\\Pipeline->Illuminate\\Pipeline\\{closure}()
#41 /home/mmonlinemedia.org/agamirsomoy.mmonlinemedia.org/bangla-admin/vendor/laravel/framework/src/Illuminate/Pipeline/Pipeline.php(167): Illuminate\\Foundation\\Http\\Middleware\\ValidatePostSize->handle()
#42 /home/mmonlinemedia.org/agamirsomoy.mmonlinemedia.org/bangla-admin/vendor/laravel/framework/src/Illuminate/Foundation/Http/Middleware/PreventRequestsDuringMaintenance.php(86): Illuminate\\Pipeline\\Pipeline->Illuminate\\Pipeline\\{closure}()
#43 /home/mmonlinemedia.org/agamirsomoy.mmonlinemedia.org/bangla-admin/vendor/laravel/framework/src/Illuminate/Pipeline/Pipeline.php(167): Illuminate\\Foundation\\Http\\Middleware\\PreventRequestsDuringMaintenance->handle()
#44 /home/mmonlinemedia.org/agamirsomoy.mmonlinemedia.org/bangla-admin/vendor/fruitcake/laravel-cors/src/HandleCors.php(38): Illuminate\\Pipeline\\Pipeline->Illuminate\\Pipeline\\{closure}()
#45 /home/mmonlinemedia.org/agamirsomoy.mmonlinemedia.org/bangla-admin/vendor/laravel/framework/src/Illuminate/Pipeline/Pipeline.php(167): Fruitcake\\Cors\\HandleCors->handle()
#46 /home/mmonlinemedia.org/agamirsomoy.mmonlinemedia.org/bangla-admin/vendor/laravel/framework/src/Illuminate/Http/Middleware/TrustProxies.php(39): Illuminate\\Pipeline\\Pipeline->Illuminate\\Pipeline\\{closure}()
#47 /home/mmonlinemedia.org/agamirsomoy.mmonlinemedia.org/bangla-admin/vendor/laravel/framework/src/Illuminate/Pipeline/Pipeline.php(167): Illuminate\\Http\\Middleware\\TrustProxies->handle()
#48 /home/mmonlinemedia.org/agamirsomoy.mmonlinemedia.org/bangla-admin/vendor/laravel/framework/src/Illuminate/Pipeline/Pipeline.php(103): Illuminate\\Pipeline\\Pipeline->Illuminate\\Pipeline\\{closure}()
#49 /home/mmonlinemedia.org/agamirsomoy.mmonlinemedia.org/bangla-admin/vendor/laravel/framework/src/Illuminate/Foundation/Http/Kernel.php(142): Illuminate\\Pipeline\\Pipeline->then()
#50 /home/mmonlinemedia.org/agamirsomoy.mmonlinemedia.org/bangla-admin/vendor/laravel/framework/src/Illuminate/Foundation/Http/Kernel.php(111): Illuminate\\Foundation\\Http\\Kernel->sendRequestThroughRouter()
#51 /home/mmonlinemedia.org/agamirsomoy.mmonlinemedia.org/bangla-admin/public/index.php(52): Illuminate\\Foundation\\Http\\Kernel->handle()
#52 {main}
"} 
[2026-01-13 21:10:56] local.ERROR: Call to undefined method App\Models\News::generateUniqueSlug() {"userId":1,"exception":"[object] (BadMethodCallException(code: 0): Call to undefined method App\\Models\\News::generateUniqueSlug() at /home/mmonlinemedia.org/agamirsomoy.mmonlinemedia.org/bangla-admin/vendor/laravel/framework/src/Illuminate/Support/Traits/ForwardsCalls.php:71)
[stacktrace]
#0 /home/mmonlinemedia.org/agamirsomoy.mmonlinemedia.org/bangla-admin/vendor/laravel/framework/src/Illuminate/Support/Traits/ForwardsCalls.php(36): Illuminate\\Database\\Eloquent\\Model::throwBadMethodCallException()
#1 /home/mmonlinemedia.org/agamirsomoy.mmonlinemedia.org/bangla-admin/vendor/laravel/framework/src/Illuminate/Database/Eloquent/Model.php(2132): Illuminate\\Database\\Eloquent\\Model->forwardCallTo()
#2 /home/mmonlinemedia.org/agamirsomoy.mmonlinemedia.org/bangla-admin/vendor/laravel/framework/src/Illuminate/Database/Eloquent/Model.php(2144): Illuminate\\Database\\Eloquent\\Model->__call()
#3 /home/mmonlinemedia.org/agamirsomoy.mmonlinemedia.org/bangla-admin/app/Http/Controllers/NewsController.php(121): Illuminate\\Database\\Eloquent\\Model::__callStatic()
#4 /home/mmonlinemedia.org/agamirsomoy.mmonlinemedia.org/bangla-admin/vendor/laravel/framework/src/Illuminate/Routing/Controller.php(54): App\\Http\\Controllers\\NewsController->store()
#5 /home/mmonlinemedia.org/agamirsomoy.mmonlinemedia.org/bangla-admin/vendor/laravel/framework/src/Illuminate/Routing/ControllerDispatcher.php(45): Illuminate\\Routing\\Controller->callAction()
#6 /home/mmonlinemedia.org/agamirsomoy.mmonlinemedia.org/bangla-admin/vendor/laravel/framework/src/Illuminate/Routing/Route.php(262): Illuminate\\Routing\\ControllerDispatcher->dispatch()
#7 /home/mmonlinemedia.org/agamirsomoy.mmonlinemedia.org/bangla-admin/vendor/laravel/framework/src/Illuminate/Routing/Route.php(205): Illuminate\\Routing\\Route->runController()
#8 /home/mmonlinemedia.org/agamirsomoy.mmonlinemedia.org/bangla-admin/vendor/laravel/framework/src/Illuminate/Routing/Router.php(721): Illuminate\\Routing\\Route->run()
#9 /home/mmonlinemedia.org/agamirsomoy.mmonlinemedia.org/bangla-admin/vendor/laravel/framework/src/Illuminate/Pipeline/Pipeline.php(128): Illuminate\\Routing\\Router->Illuminate\\Routing\\{closure}()
#10 /home/mmonlinemedia.org/agamirsomoy.mmonlinemedia.org/bangla-admin/vendor/laravel/framework/src/Illuminate/Routing/Middleware/SubstituteBindings.php(50): Illuminate\\Pipeline\\Pipeline->Illuminate\\Pipeline\\{closure}()
#11 /home/mmonlinemedia.org/agamirsomoy.mmonlinemedia.org/bangla-admin/vendor/laravel/framework/src/Illuminate/Pipeline/Pipeline.php(167): Illuminate\\Routing\\Middleware\\SubstituteBindings->handle()
#12 /home/mmonlinemedia.org/agamirsomoy.mmonlinemedia.org/bangla-admin/vendor/laravel/framework/src/Illuminate/Auth/Middleware/Authenticate.php(44): Illuminate\\Pipeline\\Pipeline->Illuminate\\Pipeline\\{closure}()
#13 /home/mmonlinemedia.org/agamirsomoy.mmonlinemedia.org/bangla-admin/vendor/laravel/framework/src/Illuminate/Pipeline/Pipeline.php(167): Illuminate\\Auth\\Middleware\\Authenticate->handle()
#14 /home/mmonlinemedia.org/agamirsomoy.mmonlinemedia.org/bangla-admin/vendor/laravel/framework/src/Illuminate/Foundation/Http/Middleware/VerifyCsrfToken.php(78): Illuminate\\Pipeline\\Pipeline->Illuminate\\Pipeline\\{closure}()
#15 /home/mmonlinemedia.org/agamirsomoy.mmonlinemedia.org/bangla-admin/vendor/laravel/framework/src/Illuminate/Pipeline/Pipeline.php(167): Illuminate\\Foundation\\Http\\Middleware\\VerifyCsrfToken->handle()
#16 /home/mmonlinemedia.org/agamirsomoy.mmonlinemedia.org/bangla-admin/vendor/laravel/framework/src/Illuminate/View/Middleware/ShareErrorsFromSession.php(49): Illuminate\\Pipeline\\Pipeline->Illuminate\\Pipeline\\{closure}()
#17 /home/mmonlinemedia.org/agamirsomoy.mmonlinemedia.org/bangla-admin/vendor/laravel/framework/src/Illuminate/Pipeline/Pipeline.php(167): Illuminate\\View\\Middleware\\ShareErrorsFromSession->handle()
#18 /home/mmonlinemedia.org/agamirsomoy.mmonlinemedia.org/bangla-admin/vendor/laravel/framework/src/Illuminate/Session/Middleware/StartSession.php(121): Illuminate\\Pipeline\\Pipeline->Illuminate\\Pipeline\\{closure}()
#19 /home/mmonlinemedia.org/agamirsomoy.mmonlinemedia.org/bangla-admin/vendor/laravel/framework/src/Illuminate/Session/Middleware/StartSession.php(64): Illuminate\\Session\\Middleware\\StartSession->handleStatefulRequest()
#20 /home/mmonlinemedia.org/agamirsomoy.mmonlinemedia.org/bangla-admin/vendor/laravel/framework/src/Illuminate/Pipeline/Pipeline.php(167): Illuminate\\Session\\Middleware\\StartSession->handle()
#21 /home/mmonlinemedia.org/agamirsomoy.mmonlinemedia.org/bangla-admin/vendor/laravel/framework/src/Illuminate/Cookie/Middleware/AddQueuedCookiesToResponse.php(37): Illuminate\\Pipeline\\Pipeline->Illuminate\\Pipeline\\{closure}()
#22 /home/mmonlinemedia.org/agamirsomoy.mmonlinemedia.org/bangla-admin/vendor/laravel/framework/src/Illuminate/Pipeline/Pipeline.php(167): Illuminate\\Cookie\\Middleware\\AddQueuedCookiesToResponse->handle()
#23 /home/mmonlinemedia.org/agamirsomoy.mmonlinemedia.org/bangla-admin/vendor/laravel/framework/src/Illuminate/Cookie/Middleware/EncryptCookies.php(67): Illuminate\\Pipeline\\Pipeline->Illuminate\\Pipeline\\{closure}()
#24 /home/mmonlinemedia.org/agamirsomoy.mmonlinemedia.org/bangla-admin/vendor/laravel/framework/src/Illuminate/Pipeline/Pipeline.php(167): Illuminate\\Cookie\\Middleware\\EncryptCookies->handle()
#25 /home/mmonlinemedia.org/agamirsomoy.mmonlinemedia.org/bangla-admin/vendor/laravel/framework/src/Illuminate/Pipeline/Pipeline.php(103): Illuminate\\Pipeline\\Pipeline->Illuminate\\Pipeline\\{closure}()
#26 /home/mmonlinemedia.org/agamirsomoy.mmonlinemedia.org/bangla-admin/vendor/laravel/framework/src/Illuminate/Routing/Router.php(723): Illuminate\\Pipeline\\Pipeline->then()
#27 /home/mmonlinemedia.org/agamirsomoy.mmonlinemedia.org/bangla-admin/vendor/laravel/framework/src/Illuminate/Routing/Router.php(698): Illuminate\\Routing\\Router->runRouteWithinStack()
#28 /home/mmonlinemedia.org/agamirsomoy.mmonlinemedia.org/bangla-admin/vendor/laravel/framework/src/Illuminate/Routing/Router.php(662): Illuminate\\Routing\\Router->runRoute()
#29 /home/mmonlinemedia.org/agamirsomoy.mmonlinemedia.org/bangla-admin/vendor/laravel/framework/src/Illuminate/Routing/Router.php(651): Illuminate\\Routing\\Router->dispatchToRoute()
#30 /home/mmonlinemedia.org/agamirsomoy.mmonlinemedia.org/bangla-admin/vendor/laravel/framework/src/Illuminate/Foundation/Http/Kernel.php(167): Illuminate\\Routing\\Router->dispatch()
#31 /home/mmonlinemedia.org/agamirsomoy.mmonlinemedia.org/bangla-admin/vendor/laravel/framework/src/Illuminate/Pipeline/Pipeline.php(128): Illuminate\\Foundation\\Http\\Kernel->Illuminate\\Foundation\\Http\\{closure}()
#32 /home/mmonlinemedia.org/agamirsomoy.mmonlinemedia.org/bangla-admin/vendor/fruitcake/laravel-cors/src/HandleCors.php(38): Illuminate\\Pipeline\\Pipeline->Illuminate\\Pipeline\\{closure}()
#33 /home/mmonlinemedia.org/agamirsomoy.mmonlinemedia.org/bangla-admin/vendor/laravel/framework/src/Illuminate/Pipeline/Pipeline.php(167): Fruitcake\\Cors\\HandleCors->handle()
#34 /home/mmonlinemedia.org/agamirsomoy.mmonlinemedia.org/bangla-admin/vendor/laravel/framework/src/Illuminate/Foundation/Http/Middleware/TransformsRequest.php(21): Illuminate\\Pipeline\\Pipeline->Illuminate\\Pipeline\\{closure}()
#35 /home/mmonlinemedia.org/agamirsomoy.mmonlinemedia.org/bangla-admin/vendor/laravel/framework/src/Illuminate/Foundation/Http/Middleware/ConvertEmptyStringsToNull.php(31): Illuminate\\Foundation\\Http\\Middleware\\TransformsRequest->handle()
#36 /home/mmonlinemedia.org/agamirsomoy.mmonlinemedia.org/bangla-admin/vendor/laravel/framework/src/Illuminate/Pipeline/Pipeline.php(167): Illuminate\\Foundation\\Http\\Middleware\\ConvertEmptyStringsToNull->handle()
#37 /home/mmonlinemedia.org/agamirsomoy.mmonlinemedia.org/bangla-admin/vendor/laravel/framework/src/Illuminate/Foundation/Http/Middleware/TransformsRequest.php(21): Illuminate\\Pipeline\\Pipeline->Illuminate\\Pipeline\\{closure}()
#38 /home/mmonlinemedia.org/agamirsomoy.mmonlinemedia.org/bangla-admin/vendor/laravel/framework/src/Illuminate/Foundation/Http/Middleware/TrimStrings.php(40): Illuminate\\Foundation\\Http\\Middleware\\TransformsRequest->handle()
#39 /home/mmonlinemedia.org/agamirsomoy.mmonlinemedia.org/bangla-admin/vendor/laravel/framework/src/Illuminate/Pipeline/Pipeline.php(167): Illuminate\\Foundation\\Http\\Middleware\\TrimStrings->handle()
#40 /home/mmonlinemedia.org/agamirsomoy.mmonlinemedia.org/bangla-admin/vendor/laravel/framework/src/Illuminate/Foundation/Http/Middleware/ValidatePostSize.php(27): Illuminate\\Pipeline\\Pipeline->Illuminate\\Pipeline\\{closure}()
#41 /home/mmonlinemedia.org/agamirsomoy.mmonlinemedia.org/bangla-admin/vendor/laravel/framework/src/Illuminate/Pipeline/Pipeline.php(167): Illuminate\\Foundation\\Http\\Middleware\\ValidatePostSize->handle()
#42 /home/mmonlinemedia.org/agamirsomoy.mmonlinemedia.org/bangla-admin/vendor/laravel/framework/src/Illuminate/Foundation/Http/Middleware/PreventRequestsDuringMaintenance.php(86): Illuminate\\Pipeline\\Pipeline->Illuminate\\Pipeline\\{closure}()
#43 /home/mmonlinemedia.org/agamirsomoy.mmonlinemedia.org/bangla-admin/vendor/laravel/framework/src/Illuminate/Pipeline/Pipeline.php(167): Illuminate\\Foundation\\Http\\Middleware\\PreventRequestsDuringMaintenance->handle()
#44 /home/mmonlinemedia.org/agamirsomoy.mmonlinemedia.org/bangla-admin/vendor/fruitcake/laravel-cors/src/HandleCors.php(38): Illuminate\\Pipeline\\Pipeline->Illuminate\\Pipeline\\{closure}()
#45 /home/mmonlinemedia.org/agamirsomoy.mmonlinemedia.org/bangla-admin/vendor/laravel/framework/src/Illuminate/Pipeline/Pipeline.php(167): Fruitcake\\Cors\\HandleCors->handle()
#46 /home/mmonlinemedia.org/agamirsomoy.mmonlinemedia.org/bangla-admin/vendor/laravel/framework/src/Illuminate/Http/Middleware/TrustProxies.php(39): Illuminate\\Pipeline\\Pipeline->Illuminate\\Pipeline\\{closure}()
#47 /home/mmonlinemedia.org/agamirsomoy.mmonlinemedia.org/bangla-admin/vendor/laravel/framework/src/Illuminate/Pipeline/Pipeline.php(167): Illuminate\\Http\\Middleware\\TrustProxies->handle()
#48 /home/mmonlinemedia.org/agamirsomoy.mmonlinemedia.org/bangla-admin/vendor/laravel/framework/src/Illuminate/Pipeline/Pipeline.php(103): Illuminate\\Pipeline\\Pipeline->Illuminate\\Pipeline\\{closure}()
#49 /home/mmonlinemedia.org/agamirsomoy.mmonlinemedia.org/bangla-admin/vendor/laravel/framework/src/Illuminate/Foundation/Http/Kernel.php(142): Illuminate\\Pipeline\\Pipeline->then()
#50 /home/mmonlinemedia.org/agamirsomoy.mmonlinemedia.org/bangla-admin/vendor/laravel/framework/src/Illuminate/Foundation/Http/Kernel.php(111): Illuminate\\Foundation\\Http\\Kernel->sendRequestThroughRouter()
#51 /home/mmonlinemedia.org/agamirsomoy.mmonlinemedia.org/bangla-admin/public/index.php(52): Illuminate\\Foundation\\Http\\Kernel->handle()
#52 {main}
"} 
[2026-01-13 21:11:07] local.ERROR: Call to undefined method App\Models\News::generateUniqueSlug() {"userId":1,"exception":"[object] (BadMethodCallException(code: 0): Call to undefined method App\\Models\\News::generateUniqueSlug() at /home/mmonlinemedia.org/agamirsomoy.mmonlinemedia.org/bangla-admin/vendor/laravel/framework/src/Illuminate/Support/Traits/ForwardsCalls.php:71)
[stacktrace]
#0 /home/mmonlinemedia.org/agamirsomoy.mmonlinemedia.org/bangla-admin/vendor/laravel/framework/src/Illuminate/Support/Traits/ForwardsCalls.php(36): Illuminate\\Database\\Eloquent\\Model::throwBadMethodCallException()
#1 /home/mmonlinemedia.org/agamirsomoy.mmonlinemedia.org/bangla-admin/vendor/laravel/framework/src/Illuminate/Database/Eloquent/Model.php(2132): Illuminate\\Database\\Eloquent\\Model->forwardCallTo()
#2 /home/mmonlinemedia.org/agamirsomoy.mmonlinemedia.org/bangla-admin/vendor/laravel/framework/src/Illuminate/Database/Eloquent/Model.php(2144): Illuminate\\Database\\Eloquent\\Model->__call()
#3 /home/mmonlinemedia.org/agamirsomoy.mmonlinemedia.org/bangla-admin/app/Http/Controllers/NewsController.php(121): Illuminate\\Database\\Eloquent\\Model::__callStatic()
#4 /home/mmonlinemedia.org/agamirsomoy.mmonlinemedia.org/bangla-admin/vendor/laravel/framework/src/Illuminate/Routing/Controller.php(54): App\\Http\\Controllers\\NewsController->store()
#5 /home/mmonlinemedia.org/agamirsomoy.mmonlinemedia.org/bangla-admin/vendor/laravel/framework/src/Illuminate/Routing/ControllerDispatcher.php(45): Illuminate\\Routing\\Controller->callAction()
#6 /home/mmonlinemedia.org/agamirsomoy.mmonlinemedia.org/bangla-admin/vendor/laravel/framework/src/Illuminate/Routing/Route.php(262): Illuminate\\Routing\\ControllerDispatcher->dispatch()
#7 /home/mmonlinemedia.org/agamirsomoy.mmonlinemedia.org/bangla-admin/vendor/laravel/framework/src/Illuminate/Routing/Route.php(205): Illuminate\\Routing\\Route->runController()
#8 /home/mmonlinemedia.org/agamirsomoy.mmonlinemedia.org/bangla-admin/vendor/laravel/framework/src/Illuminate/Routing/Router.php(721): Illuminate\\Routing\\Route->run()
#9 /home/mmonlinemedia.org/agamirsomoy.mmonlinemedia.org/bangla-admin/vendor/laravel/framework/src/Illuminate/Pipeline/Pipeline.php(128): Illuminate\\Routing\\Router->Illuminate\\Routing\\{closure}()
#10 /home/mmonlinemedia.org/agamirsomoy.mmonlinemedia.org/bangla-admin/vendor/laravel/framework/src/Illuminate/Routing/Middleware/SubstituteBindings.php(50): Illuminate\\Pipeline\\Pipeline->Illuminate\\Pipeline\\{closure}()
#11 /home/mmonlinemedia.org/agamirsomoy.mmonlinemedia.org/bangla-admin/vendor/laravel/framework/src/Illuminate/Pipeline/Pipeline.php(167): Illuminate\\Routing\\Middleware\\SubstituteBindings->handle()
#12 /home/mmonlinemedia.org/agamirsomoy.mmonlinemedia.org/bangla-admin/vendor/laravel/framework/src/Illuminate/Auth/Middleware/Authenticate.php(44): Illuminate\\Pipeline\\Pipeline->Illuminate\\Pipeline\\{closure}()
#13 /home/mmonlinemedia.org/agamirsomoy.mmonlinemedia.org/bangla-admin/vendor/laravel/framework/src/Illuminate/Pipeline/Pipeline.php(167): Illuminate\\Auth\\Middleware\\Authenticate->handle()
#14 /home/mmonlinemedia.org/agamirsomoy.mmonlinemedia.org/bangla-admin/vendor/laravel/framework/src/Illuminate/Foundation/Http/Middleware/VerifyCsrfToken.php(78): Illuminate\\Pipeline\\Pipeline->Illuminate\\Pipeline\\{closure}()
#15 /home/mmonlinemedia.org/agamirsomoy.mmonlinemedia.org/bangla-admin/vendor/laravel/framework/src/Illuminate/Pipeline/Pipeline.php(167): Illuminate\\Foundation\\Http\\Middleware\\VerifyCsrfToken->handle()
#16 /home/mmonlinemedia.org/agamirsomoy.mmonlinemedia.org/bangla-admin/vendor/laravel/framework/src/Illuminate/View/Middleware/ShareErrorsFromSession.php(49): Illuminate\\Pipeline\\Pipeline->Illuminate\\Pipeline\\{closure}()
#17 /home/mmonlinemedia.org/agamirsomoy.mmonlinemedia.org/bangla-admin/vendor/laravel/framework/src/Illuminate/Pipeline/Pipeline.php(167): Illuminate\\View\\Middleware\\ShareErrorsFromSession->handle()
#18 /home/mmonlinemedia.org/agamirsomoy.mmonlinemedia.org/bangla-admin/vendor/laravel/framework/src/Illuminate/Session/Middleware/StartSession.php(121): Illuminate\\Pipeline\\Pipeline->Illuminate\\Pipeline\\{closure}()
#19 /home/mmonlinemedia.org/agamirsomoy.mmonlinemedia.org/bangla-admin/vendor/laravel/framework/src/Illuminate/Session/Middleware/StartSession.php(64): Illuminate\\Session\\Middleware\\StartSession->handleStatefulRequest()
#20 /home/mmonlinemedia.org/agamirsomoy.mmonlinemedia.org/bangla-admin/vendor/laravel/framework/src/Illuminate/Pipeline/Pipeline.php(167): Illuminate\\Session\\Middleware\\StartSession->handle()
#21 /home/mmonlinemedia.org/agamirsomoy.mmonlinemedia.org/bangla-admin/vendor/laravel/framework/src/Illuminate/Cookie/Middleware/AddQueuedCookiesToResponse.php(37): Illuminate\\Pipeline\\Pipeline->Illuminate\\Pipeline\\{closure}()
#22 /home/mmonlinemedia.org/agamirsomoy.mmonlinemedia.org/bangla-admin/vendor/laravel/framework/src/Illuminate/Pipeline/Pipeline.php(167): Illuminate\\Cookie\\Middleware\\AddQueuedCookiesToResponse->handle()
#23 /home/mmonlinemedia.org/agamirsomoy.mmonlinemedia.org/bangla-admin/vendor/laravel/framework/src/Illuminate/Cookie/Middleware/EncryptCookies.php(67): Illuminate\\Pipeline\\Pipeline->Illuminate\\Pipeline\\{closure}()
#24 /home/mmonlinemedia.org/agamirsomoy.mmonlinemedia.org/bangla-admin/vendor/laravel/framework/src/Illuminate/Pipeline/Pipeline.php(167): Illuminate\\Cookie\\Middleware\\EncryptCookies->handle()
#25 /home/mmonlinemedia.org/agamirsomoy.mmonlinemedia.org/bangla-admin/vendor/laravel/framework/src/Illuminate/Pipeline/Pipeline.php(103): Illuminate\\Pipeline\\Pipeline->Illuminate\\Pipeline\\{closure}()
#26 /home/mmonlinemedia.org/agamirsomoy.mmonlinemedia.org/bangla-admin/vendor/laravel/framework/src/Illuminate/Routing/Router.php(723): Illuminate\\Pipeline\\Pipeline->then()
#27 /home/mmonlinemedia.org/agamirsomoy.mmonlinemedia.org/bangla-admin/vendor/laravel/framework/src/Illuminate/Routing/Router.php(698): Illuminate\\Routing\\Router->runRouteWithinStack()
#28 /home/mmonlinemedia.org/agamirsomoy.mmonlinemedia.org/bangla-admin/vendor/laravel/framework/src/Illuminate/Routing/Router.php(662): Illuminate\\Routing\\Router->runRoute()
#29 /home/mmonlinemedia.org/agamirsomoy.mmonlinemedia.org/bangla-admin/vendor/laravel/framework/src/Illuminate/Routing/Router.php(651): Illuminate\\Routing\\Router->dispatchToRoute()
#30 /home/mmonlinemedia.org/agamirsomoy.mmonlinemedia.org/bangla-admin/vendor/laravel/framework/src/Illuminate/Foundation/Http/Kernel.php(167): Illuminate\\Routing\\Router->dispatch()
#31 /home/mmonlinemedia.org/agamirsomoy.mmonlinemedia.org/bangla-admin/vendor/laravel/framework/src/Illuminate/Pipeline/Pipeline.php(128): Illuminate\\Foundation\\Http\\Kernel->Illuminate\\Foundation\\Http\\{closure}()
#32 /home/mmonlinemedia.org/agamirsomoy.mmonlinemedia.org/bangla-admin/vendor/fruitcake/laravel-cors/src/HandleCors.php(38): Illuminate\\Pipeline\\Pipeline->Illuminate\\Pipeline\\{closure}()
#33 /home/mmonlinemedia.org/agamirsomoy.mmonlinemedia.org/bangla-admin/vendor/laravel/framework/src/Illuminate/Pipeline/Pipeline.php(167): Fruitcake\\Cors\\HandleCors->handle()
#34 /home/mmonlinemedia.org/agamirsomoy.mmonlinemedia.org/bangla-admin/vendor/laravel/framework/src/Illuminate/Foundation/Http/Middleware/TransformsRequest.php(21): Illuminate\\Pipeline\\Pipeline->Illuminate\\Pipeline\\{closure}()
#35 /home/mmonlinemedia.org/agamirsomoy.mmonlinemedia.org/bangla-admin/vendor/laravel/framework/src/Illuminate/Foundation/Http/Middleware/ConvertEmptyStringsToNull.php(31): Illuminate\\Foundation\\Http\\Middleware\\TransformsRequest->handle()
#36 /home/mmonlinemedia.org/agamirsomoy.mmonlinemedia.org/bangla-admin/vendor/laravel/framework/src/Illuminate/Pipeline/Pipeline.php(167): Illuminate\\Foundation\\Http\\Middleware\\ConvertEmptyStringsToNull->handle()
#37 /home/mmonlinemedia.org/agamirsomoy.mmonlinemedia.org/bangla-admin/vendor/laravel/framework/src/Illuminate/Foundation/Http/Middleware/TransformsRequest.php(21): Illuminate\\Pipeline\\Pipeline->Illuminate\\Pipeline\\{closure}()
#38 /home/mmonlinemedia.org/agamirsomoy.mmonlinemedia.org/bangla-admin/vendor/laravel/framework/src/Illuminate/Foundation/Http/Middleware/TrimStrings.php(40): Illuminate\\Foundation\\Http\\Middleware\\TransformsRequest->handle()
#39 /home/mmonlinemedia.org/agamirsomoy.mmonlinemedia.org/bangla-admin/vendor/laravel/framework/src/Illuminate/Pipeline/Pipeline.php(167): Illuminate\\Foundation\\Http\\Middleware\\TrimStrings->handle()
#40 /home/mmonlinemedia.org/agamirsomoy.mmonlinemedia.org/bangla-admin/vendor/laravel/framework/src/Illuminate/Foundation/Http/Middleware/ValidatePostSize.php(27): Illuminate\\Pipeline\\Pipeline->Illuminate\\Pipeline\\{closure}()
#41 /home/mmonlinemedia.org/agamirsomoy.mmonlinemedia.org/bangla-admin/vendor/laravel/framework/src/Illuminate/Pipeline/Pipeline.php(167): Illuminate\\Foundation\\Http\\Middleware\\ValidatePostSize->handle()
#42 /home/mmonlinemedia.org/agamirsomoy.mmonlinemedia.org/bangla-admin/vendor/laravel/framework/src/Illuminate/Foundation/Http/Middleware/PreventRequestsDuringMaintenance.php(86): Illuminate\\Pipeline\\Pipeline->Illuminate\\Pipeline\\{closure}()
#43 /home/mmonlinemedia.org/agamirsomoy.mmonlinemedia.org/bangla-admin/vendor/laravel/framework/src/Illuminate/Pipeline/Pipeline.php(167): Illuminate\\Foundation\\Http\\Middleware\\PreventRequestsDuringMaintenance->handle()
#44 /home/mmonlinemedia.org/agamirsomoy.mmonlinemedia.org/bangla-admin/vendor/fruitcake/laravel-cors/src/HandleCors.php(38): Illuminate\\Pipeline\\Pipeline->Illuminate\\Pipeline\\{closure}()
#45 /home/mmonlinemedia.org/agamirsomoy.mmonlinemedia.org/bangla-admin/vendor/laravel/framework/src/Illuminate/Pipeline/Pipeline.php(167): Fruitcake\\Cors\\HandleCors->handle()
#46 /home/mmonlinemedia.org/agamirsomoy.mmonlinemedia.org/bangla-admin/vendor/laravel/framework/src/Illuminate/Http/Middleware/TrustProxies.php(39): Illuminate\\Pipeline\\Pipeline->Illuminate\\Pipeline\\{closure}()
#47 /home/mmonlinemedia.org/agamirsomoy.mmonlinemedia.org/bangla-admin/vendor/laravel/framework/src/Illuminate/Pipeline/Pipeline.php(167): Illuminate\\Http\\Middleware\\TrustProxies->handle()
#48 /home/mmonlinemedia.org/agamirsomoy.mmonlinemedia.org/bangla-admin/vendor/laravel/framework/src/Illuminate/Pipeline/Pipeline.php(103): Illuminate\\Pipeline\\Pipeline->Illuminate\\Pipeline\\{closure}()
#49 /home/mmonlinemedia.org/agamirsomoy.mmonlinemedia.org/bangla-admin/vendor/laravel/framework/src/Illuminate/Foundation/Http/Kernel.php(142): Illuminate\\Pipeline\\Pipeline->then()
#50 /home/mmonlinemedia.org/agamirsomoy.mmonlinemedia.org/bangla-admin/vendor/laravel/framework/src/Illuminate/Foundation/Http/Kernel.php(111): Illuminate\\Foundation\\Http\\Kernel->sendRequestThroughRouter()
#51 /home/mmonlinemedia.org/agamirsomoy.mmonlinemedia.org/bangla-admin/public/index.php(52): Illuminate\\Foundation\\Http\\Kernel->handle()
#52 {main}
"} 
[2026-01-13 21:12:32] local.ERROR: Call to undefined method App\Models\News::generateUniqueSlug() {"userId":1,"exception":"[object] (BadMethodCallException(code: 0): Call to undefined method App\\Models\\News::generateUniqueSlug() at /home/mmonlinemedia.org/agamirsomoy.mmonlinemedia.org/bangla-admin/vendor/laravel/framework/src/Illuminate/Support/Traits/ForwardsCalls.php:71)
[stacktrace]
#0 /home/mmonlinemedia.org/agamirsomoy.mmonlinemedia.org/bangla-admin/vendor/laravel/framework/src/Illuminate/Support/Traits/ForwardsCalls.php(36): Illuminate\\Database\\Eloquent\\Model::throwBadMethodCallException()
#1 /home/mmonlinemedia.org/agamirsomoy.mmonlinemedia.org/bangla-admin/vendor/laravel/framework/src/Illuminate/Database/Eloquent/Model.php(2132): Illuminate\\Database\\Eloquent\\Model->forwardCallTo()
#2 /home/mmonlinemedia.org/agamirsomoy.mmonlinemedia.org/bangla-admin/vendor/laravel/framework/src/Illuminate/Database/Eloquent/Model.php(2144): Illuminate\\Database\\Eloquent\\Model->__call()
#3 /home/mmonlinemedia.org/agamirsomoy.mmonlinemedia.org/bangla-admin/app/Http/Controllers/NewsController.php(121): Illuminate\\Database\\Eloquent\\Model::__callStatic()
#4 /home/mmonlinemedia.org/agamirsomoy.mmonlinemedia.org/bangla-admin/vendor/laravel/framework/src/Illuminate/Routing/Controller.php(54): App\\Http\\Controllers\\NewsController->store()
#5 /home/mmonlinemedia.org/agamirsomoy.mmonlinemedia.org/bangla-admin/vendor/laravel/framework/src/Illuminate/Routing/ControllerDispatcher.php(45): Illuminate\\Routing\\Controller->callAction()
#6 /home/mmonlinemedia.org/agamirsomoy.mmonlinemedia.org/bangla-admin/vendor/laravel/framework/src/Illuminate/Routing/Route.php(262): Illuminate\\Routing\\ControllerDispatcher->dispatch()
#7 /home/mmonlinemedia.org/agamirsomoy.mmonlinemedia.org/bangla-admin/vendor/laravel/framework/src/Illuminate/Routing/Route.php(205): Illuminate\\Routing\\Route->runController()
#8 /home/mmonlinemedia.org/agamirsomoy.mmonlinemedia.org/bangla-admin/vendor/laravel/framework/src/Illuminate/Routing/Router.php(721): Illuminate\\Routing\\Route->run()
#9 /home/mmonlinemedia.org/agamirsomoy.mmonlinemedia.org/bangla-admin/vendor/laravel/framework/src/Illuminate/Pipeline/Pipeline.php(128): Illuminate\\Routing\\Router->Illuminate\\Routing\\{closure}()
#10 /home/mmonlinemedia.org/agamirsomoy.mmonlinemedia.org/bangla-admin/vendor/laravel/framework/src/Illuminate/Routing/Middleware/SubstituteBindings.php(50): Illuminate\\Pipeline\\Pipeline->Illuminate\\Pipeline\\{closure}()
#11 /home/mmonlinemedia.org/agamirsomoy.mmonlinemedia.org/bangla-admin/vendor/laravel/framework/src/Illuminate/Pipeline/Pipeline.php(167): Illuminate\\Routing\\Middleware\\SubstituteBindings->handle()
#12 /home/mmonlinemedia.org/agamirsomoy.mmonlinemedia.org/bangla-admin/vendor/laravel/framework/src/Illuminate/Auth/Middleware/Authenticate.php(44): Illuminate\\Pipeline\\Pipeline->Illuminate\\Pipeline\\{closure}()
#13 /home/mmonlinemedia.org/agamirsomoy.mmonlinemedia.org/bangla-admin/vendor/laravel/framework/src/Illuminate/Pipeline/Pipeline.php(167): Illuminate\\Auth\\Middleware\\Authenticate->handle()
#14 /home/mmonlinemedia.org/agamirsomoy.mmonlinemedia.org/bangla-admin/vendor/laravel/framework/src/Illuminate/Foundation/Http/Middleware/VerifyCsrfToken.php(78): Illuminate\\Pipeline\\Pipeline->Illuminate\\Pipeline\\{closure}()
#15 /home/mmonlinemedia.org/agamirsomoy.mmonlinemedia.org/bangla-admin/vendor/laravel/framework/src/Illuminate/Pipeline/Pipeline.php(167): Illuminate\\Foundation\\Http\\Middleware\\VerifyCsrfToken->handle()
#16 /home/mmonlinemedia.org/agamirsomoy.mmonlinemedia.org/bangla-admin/vendor/laravel/framework/src/Illuminate/View/Middleware/ShareErrorsFromSession.php(49): Illuminate\\Pipeline\\Pipeline->Illuminate\\Pipeline\\{closure}()
#17 /home/mmonlinemedia.org/agamirsomoy.mmonlinemedia.org/bangla-admin/vendor/laravel/framework/src/Illuminate/Pipeline/Pipeline.php(167): Illuminate\\View\\Middleware\\ShareErrorsFromSession->handle()
#18 /home/mmonlinemedia.org/agamirsomoy.mmonlinemedia.org/bangla-admin/vendor/laravel/framework/src/Illuminate/Session/Middleware/StartSession.php(121): Illuminate\\Pipeline\\Pipeline->Illuminate\\Pipeline\\{closure}()
#19 /home/mmonlinemedia.org/agamirsomoy.mmonlinemedia.org/bangla-admin/vendor/laravel/framework/src/Illuminate/Session/Middleware/StartSession.php(64): Illuminate\\Session\\Middleware\\StartSession->handleStatefulRequest()
#20 /home/mmonlinemedia.org/agamirsomoy.mmonlinemedia.org/bangla-admin/vendor/laravel/framework/src/Illuminate/Pipeline/Pipeline.php(167): Illuminate\\Session\\Middleware\\StartSession->handle()
#21 /home/mmonlinemedia.org/agamirsomoy.mmonlinemedia.org/bangla-admin/vendor/laravel/framework/src/Illuminate/Cookie/Middleware/AddQueuedCookiesToResponse.php(37): Illuminate\\Pipeline\\Pipeline->Illuminate\\Pipeline\\{closure}()
#22 /home/mmonlinemedia.org/agamirsomoy.mmonlinemedia.org/bangla-admin/vendor/laravel/framework/src/Illuminate/Pipeline/Pipeline.php(167): Illuminate\\Cookie\\Middleware\\AddQueuedCookiesToResponse->handle()
#23 /home/mmonlinemedia.org/agamirsomoy.mmonlinemedia.org/bangla-admin/vendor/laravel/framework/src/Illuminate/Cookie/Middleware/EncryptCookies.php(67): Illuminate\\Pipeline\\Pipeline->Illuminate\\Pipeline\\{closure}()
#24 /home/mmonlinemedia.org/agamirsomoy.mmonlinemedia.org/bangla-admin/vendor/laravel/framework/src/Illuminate/Pipeline/Pipeline.php(167): Illuminate\\Cookie\\Middleware\\EncryptCookies->handle()
#25 /home/mmonlinemedia.org/agamirsomoy.mmonlinemedia.org/bangla-admin/vendor/laravel/framework/src/Illuminate/Pipeline/Pipeline.php(103): Illuminate\\Pipeline\\Pipeline->Illuminate\\Pipeline\\{closure}()
#26 /home/mmonlinemedia.org/agamirsomoy.mmonlinemedia.org/bangla-admin/vendor/laravel/framework/src/Illuminate/Routing/Router.php(723): Illuminate\\Pipeline\\Pipeline->then()
#27 /home/mmonlinemedia.org/agamirsomoy.mmonlinemedia.org/bangla-admin/vendor/laravel/framework/src/Illuminate/Routing/Router.php(698): Illuminate\\Routing\\Router->runRouteWithinStack()
#28 /home/mmonlinemedia.org/agamirsomoy.mmonlinemedia.org/bangla-admin/vendor/laravel/framework/src/Illuminate/Routing/Router.php(662): Illuminate\\Routing\\Router->runRoute()
#29 /home/mmonlinemedia.org/agamirsomoy.mmonlinemedia.org/bangla-admin/vendor/laravel/framework/src/Illuminate/Routing/Router.php(651): Illuminate\\Routing\\Router->dispatchToRoute()
#30 /home/mmonlinemedia.org/agamirsomoy.mmonlinemedia.org/bangla-admin/vendor/laravel/framework/src/Illuminate/Foundation/Http/Kernel.php(167): Illuminate\\Routing\\Router->dispatch()
#31 /home/mmonlinemedia.org/agamirsomoy.mmonlinemedia.org/bangla-admin/vendor/laravel/framework/src/Illuminate/Pipeline/Pipeline.php(128): Illuminate\\Foundation\\Http\\Kernel->Illuminate\\Foundation\\Http\\{closure}()
#32 /home/mmonlinemedia.org/agamirsomoy.mmonlinemedia.org/bangla-admin/vendor/fruitcake/laravel-cors/src/HandleCors.php(38): Illuminate\\Pipeline\\Pipeline->Illuminate\\Pipeline\\{closure}()
#33 /home/mmonlinemedia.org/agamirsomoy.mmonlinemedia.org/bangla-admin/vendor/laravel/framework/src/Illuminate/Pipeline/Pipeline.php(167): Fruitcake\\Cors\\HandleCors->handle()
#34 /home/mmonlinemedia.org/agamirsomoy.mmonlinemedia.org/bangla-admin/vendor/laravel/framework/src/Illuminate/Foundation/Http/Middleware/TransformsRequest.php(21): Illuminate\\Pipeline\\Pipeline->Illuminate\\Pipeline\\{closure}()
#35 /home/mmonlinemedia.org/agamirsomoy.mmonlinemedia.org/bangla-admin/vendor/laravel/framework/src/Illuminate/Foundation/Http/Middleware/ConvertEmptyStringsToNull.php(31): Illuminate\\Foundation\\Http\\Middleware\\TransformsRequest->handle()
#36 /home/mmonlinemedia.org/agamirsomoy.mmonlinemedia.org/bangla-admin/vendor/laravel/framework/src/Illuminate/Pipeline/Pipeline.php(167): Illuminate\\Foundation\\Http\\Middleware\\ConvertEmptyStringsToNull->handle()
#37 /home/mmonlinemedia.org/agamirsomoy.mmonlinemedia.org/bangla-admin/vendor/laravel/framework/src/Illuminate/Foundation/Http/Middleware/TransformsRequest.php(21): Illuminate\\Pipeline\\Pipeline->Illuminate\\Pipeline\\{closure}()
#38 /home/mmonlinemedia.org/agamirsomoy.mmonlinemedia.org/bangla-admin/vendor/laravel/framework/src/Illuminate/Foundation/Http/Middleware/TrimStrings.php(40): Illuminate\\Foundation\\Http\\Middleware\\TransformsRequest->handle()
#39 /home/mmonlinemedia.org/agamirsomoy.mmonlinemedia.org/bangla-admin/vendor/laravel/framework/src/Illuminate/Pipeline/Pipeline.php(167): Illuminate\\Foundation\\Http\\Middleware\\TrimStrings->handle()
#40 /home/mmonlinemedia.org/agamirsomoy.mmonlinemedia.org/bangla-admin/vendor/laravel/framework/src/Illuminate/Foundation/Http/Middleware/ValidatePostSize.php(27): Illuminate\\Pipeline\\Pipeline->Illuminate\\Pipeline\\{closure}()
#41 /home/mmonlinemedia.org/agamirsomoy.mmonlinemedia.org/bangla-admin/vendor/laravel/framework/src/Illuminate/Pipeline/Pipeline.php(167): Illuminate\\Foundation\\Http\\Middleware\\ValidatePostSize->handle()
#42 /home/mmonlinemedia.org/agamirsomoy.mmonlinemedia.org/bangla-admin/vendor/laravel/framework/src/Illuminate/Foundation/Http/Middleware/PreventRequestsDuringMaintenance.php(86): Illuminate\\Pipeline\\Pipeline->Illuminate\\Pipeline\\{closure}()
#43 /home/mmonlinemedia.org/agamirsomoy.mmonlinemedia.org/bangla-admin/vendor/laravel/framework/src/Illuminate/Pipeline/Pipeline.php(167): Illuminate\\Foundation\\Http\\Middleware\\PreventRequestsDuringMaintenance->handle()
#44 /home/mmonlinemedia.org/agamirsomoy.mmonlinemedia.org/bangla-admin/vendor/fruitcake/laravel-cors/src/HandleCors.php(38): Illuminate\\Pipeline\\Pipeline->Illuminate\\Pipeline\\{closure}()
#45 /home/mmonlinemedia.org/agamirsomoy.mmonlinemedia.org/bangla-admin/vendor/laravel/framework/src/Illuminate/Pipeline/Pipeline.php(167): Fruitcake\\Cors\\HandleCors->handle()
#46 /home/mmonlinemedia.org/agamirsomoy.mmonlinemedia.org/bangla-admin/vendor/laravel/framework/src/Illuminate/Http/Middleware/TrustProxies.php(39): Illuminate\\Pipeline\\Pipeline->Illuminate\\Pipeline\\{closure}()
#47 /home/mmonlinemedia.org/agamirsomoy.mmonlinemedia.org/bangla-admin/vendor/laravel/framework/src/Illuminate/Pipeline/Pipeline.php(167): Illuminate\\Http\\Middleware\\TrustProxies->handle()
#48 /home/mmonlinemedia.org/agamirsomoy.mmonlinemedia.org/bangla-admin/vendor/laravel/framework/src/Illuminate/Pipeline/Pipeline.php(103): Illuminate\\Pipeline\\Pipeline->Illuminate\\Pipeline\\{closure}()
#49 /home/mmonlinemedia.org/agamirsomoy.mmonlinemedia.org/bangla-admin/vendor/laravel/framework/src/Illuminate/Foundation/Http/Kernel.php(142): Illuminate\\Pipeline\\Pipeline->then()
#50 /home/mmonlinemedia.org/agamirsomoy.mmonlinemedia.org/bangla-admin/vendor/laravel/framework/src/Illuminate/Foundation/Http/Kernel.php(111): Illuminate\\Foundation\\Http\\Kernel->sendRequestThroughRouter()
#51 /home/mmonlinemedia.org/agamirsomoy.mmonlinemedia.org/bangla-admin/public/index.php(52): Illuminate\\Foundation\\Http\\Kernel->handle()
#52 {main}
"} 
[2026-01-13 21:12:40] local.ERROR: Call to undefined method App\Models\News::generateUniqueSlug() {"userId":1,"exception":"[object] (BadMethodCallException(code: 0): Call to undefined method App\\Models\\News::generateUniqueSlug() at /home/mmonlinemedia.org/agamirsomoy.mmonlinemedia.org/bangla-admin/vendor/laravel/framework/src/Illuminate/Support/Traits/ForwardsCalls.php:71)
[stacktrace]
#0 /home/mmonlinemedia.org/agamirsomoy.mmonlinemedia.org/bangla-admin/vendor/laravel/framework/src/Illuminate/Support/Traits/ForwardsCalls.php(36): Illuminate\\Database\\Eloquent\\Model::throwBadMethodCallException()
#1 /home/mmonlinemedia.org/agamirsomoy.mmonlinemedia.org/bangla-admin/vendor/laravel/framework/src/Illuminate/Database/Eloquent/Model.php(2132): Illuminate\\Database\\Eloquent\\Model->forwardCallTo()
#2 /home/mmonlinemedia.org/agamirsomoy.mmonlinemedia.org/bangla-admin/vendor/laravel/framework/src/Illuminate/Database/Eloquent/Model.php(2144): Illuminate\\Database\\Eloquent\\Model->__call()
#3 /home/mmonlinemedia.org/agamirsomoy.mmonlinemedia.org/bangla-admin/app/Http/Controllers/NewsController.php(121): Illuminate\\Database\\Eloquent\\Model::__callStatic()
#4 /home/mmonlinemedia.org/agamirsomoy.mmonlinemedia.org/bangla-admin/vendor/laravel/framework/src/Illuminate/Routing/Controller.php(54): App\\Http\\Controllers\\NewsController->store()
#5 /home/mmonlinemedia.org/agamirsomoy.mmonlinemedia.org/bangla-admin/vendor/laravel/framework/src/Illuminate/Routing/ControllerDispatcher.php(45): Illuminate\\Routing\\Controller->callAction()
#6 /home/mmonlinemedia.org/agamirsomoy.mmonlinemedia.org/bangla-admin/vendor/laravel/framework/src/Illuminate/Routing/Route.php(262): Illuminate\\Routing\\ControllerDispatcher->dispatch()
#7 /home/mmonlinemedia.org/agamirsomoy.mmonlinemedia.org/bangla-admin/vendor/laravel/framework/src/Illuminate/Routing/Route.php(205): Illuminate\\Routing\\Route->runController()
#8 /home/mmonlinemedia.org/agamirsomoy.mmonlinemedia.org/bangla-admin/vendor/laravel/framework/src/Illuminate/Routing/Router.php(721): Illuminate\\Routing\\Route->run()
#9 /home/mmonlinemedia.org/agamirsomoy.mmonlinemedia.org/bangla-admin/vendor/laravel/framework/src/Illuminate/Pipeline/Pipeline.php(128): Illuminate\\Routing\\Router->Illuminate\\Routing\\{closure}()
#10 /home/mmonlinemedia.org/agamirsomoy.mmonlinemedia.org/bangla-admin/vendor/laravel/framework/src/Illuminate/Routing/Middleware/SubstituteBindings.php(50): Illuminate\\Pipeline\\Pipeline->Illuminate\\Pipeline\\{closure}()
#11 /home/mmonlinemedia.org/agamirsomoy.mmonlinemedia.org/bangla-admin/vendor/laravel/framework/src/Illuminate/Pipeline/Pipeline.php(167): Illuminate\\Routing\\Middleware\\SubstituteBindings->handle()
#12 /home/mmonlinemedia.org/agamirsomoy.mmonlinemedia.org/bangla-admin/vendor/laravel/framework/src/Illuminate/Auth/Middleware/Authenticate.php(44): Illuminate\\Pipeline\\Pipeline->Illuminate\\Pipeline\\{closure}()
#13 /home/mmonlinemedia.org/agamirsomoy.mmonlinemedia.org/bangla-admin/vendor/laravel/framework/src/Illuminate/Pipeline/Pipeline.php(167): Illuminate\\Auth\\Middleware\\Authenticate->handle()
#14 /home/mmonlinemedia.org/agamirsomoy.mmonlinemedia.org/bangla-admin/vendor/laravel/framework/src/Illuminate/Foundation/Http/Middleware/VerifyCsrfToken.php(78): Illuminate\\Pipeline\\Pipeline->Illuminate\\Pipeline\\{closure}()
#15 /home/mmonlinemedia.org/agamirsomoy.mmonlinemedia.org/bangla-admin/vendor/laravel/framework/src/Illuminate/Pipeline/Pipeline.php(167): Illuminate\\Foundation\\Http\\Middleware\\VerifyCsrfToken->handle()
#16 /home/mmonlinemedia.org/agamirsomoy.mmonlinemedia.org/bangla-admin/vendor/laravel/framework/src/Illuminate/View/Middleware/ShareErrorsFromSession.php(49): Illuminate\\Pipeline\\Pipeline->Illuminate\\Pipeline\\{closure}()
#17 /home/mmonlinemedia.org/agamirsomoy.mmonlinemedia.org/bangla-admin/vendor/laravel/framework/src/Illuminate/Pipeline/Pipeline.php(167): Illuminate\\View\\Middleware\\ShareErrorsFromSession->handle()
#18 /home/mmonlinemedia.org/agamirsomoy.mmonlinemedia.org/bangla-admin/vendor/laravel/framework/src/Illuminate/Session/Middleware/StartSession.php(121): Illuminate\\Pipeline\\Pipeline->Illuminate\\Pipeline\\{closure}()
#19 /home/mmonlinemedia.org/agamirsomoy.mmonlinemedia.org/bangla-admin/vendor/laravel/framework/src/Illuminate/Session/Middleware/StartSession.php(64): Illuminate\\Session\\Middleware\\StartSession->handleStatefulRequest()
#20 /home/mmonlinemedia.org/agamirsomoy.mmonlinemedia.org/bangla-admin/vendor/laravel/framework/src/Illuminate/Pipeline/Pipeline.php(167): Illuminate\\Session\\Middleware\\StartSession->handle()
#21 /home/mmonlinemedia.org/agamirsomoy.mmonlinemedia.org/bangla-admin/vendor/laravel/framework/src/Illuminate/Cookie/Middleware/AddQueuedCookiesToResponse.php(37): Illuminate\\Pipeline\\Pipeline->Illuminate\\Pipeline\\{closure}()
#22 /home/mmonlinemedia.org/agamirsomoy.mmonlinemedia.org/bangla-admin/vendor/laravel/framework/src/Illuminate/Pipeline/Pipeline.php(167): Illuminate\\Cookie\\Middleware\\AddQueuedCookiesToResponse->handle()
#23 /home/mmonlinemedia.org/agamirsomoy.mmonlinemedia.org/bangla-admin/vendor/laravel/framework/src/Illuminate/Cookie/Middleware/EncryptCookies.php(67): Illuminate\\Pipeline\\Pipeline->Illuminate\\Pipeline\\{closure}()
#24 /home/mmonlinemedia.org/agamirsomoy.mmonlinemedia.org/bangla-admin/vendor/laravel/framework/src/Illuminate/Pipeline/Pipeline.php(167): Illuminate\\Cookie\\Middleware\\EncryptCookies->handle()
#25 /home/mmonlinemedia.org/agamirsomoy.mmonlinemedia.org/bangla-admin/vendor/laravel/framework/src/Illuminate/Pipeline/Pipeline.php(103): Illuminate\\Pipeline\\Pipeline->Illuminate\\Pipeline\\{closure}()
#26 /home/mmonlinemedia.org/agamirsomoy.mmonlinemedia.org/bangla-admin/vendor/laravel/framework/src/Illuminate/Routing/Router.php(723): Illuminate\\Pipeline\\Pipeline->then()
#27 /home/mmonlinemedia.org/agamirsomoy.mmonlinemedia.org/bangla-admin/vendor/laravel/framework/src/Illuminate/Routing/Router.php(698): Illuminate\\Routing\\Router->runRouteWithinStack()
#28 /home/mmonlinemedia.org/agamirsomoy.mmonlinemedia.org/bangla-admin/vendor/laravel/framework/src/Illuminate/Routing/Router.php(662): Illuminate\\Routing\\Router->runRoute()
#29 /home/mmonlinemedia.org/agamirsomoy.mmonlinemedia.org/bangla-admin/vendor/laravel/framework/src/Illuminate/Routing/Router.php(651): Illuminate\\Routing\\Router->dispatchToRoute()
#30 /home/mmonlinemedia.org/agamirsomoy.mmonlinemedia.org/bangla-admin/vendor/laravel/framework/src/Illuminate/Foundation/Http/Kernel.php(167): Illuminate\\Routing\\Router->dispatch()
#31 /home/mmonlinemedia.org/agamirsomoy.mmonlinemedia.org/bangla-admin/vendor/laravel/framework/src/Illuminate/Pipeline/Pipeline.php(128): Illuminate\\Foundation\\Http\\Kernel->Illuminate\\Foundation\\Http\\{closure}()
#32 /home/mmonlinemedia.org/agamirsomoy.mmonlinemedia.org/bangla-admin/vendor/fruitcake/laravel-cors/src/HandleCors.php(38): Illuminate\\Pipeline\\Pipeline->Illuminate\\Pipeline\\{closure}()
#33 /home/mmonlinemedia.org/agamirsomoy.mmonlinemedia.org/bangla-admin/vendor/laravel/framework/src/Illuminate/Pipeline/Pipeline.php(167): Fruitcake\\Cors\\HandleCors->handle()
#34 /home/mmonlinemedia.org/agamirsomoy.mmonlinemedia.org/bangla-admin/vendor/laravel/framework/src/Illuminate/Foundation/Http/Middleware/TransformsRequest.php(21): Illuminate\\Pipeline\\Pipeline->Illuminate\\Pipeline\\{closure}()
#35 /home/mmonlinemedia.org/agamirsomoy.mmonlinemedia.org/bangla-admin/vendor/laravel/framework/src/Illuminate/Foundation/Http/Middleware/ConvertEmptyStringsToNull.php(31): Illuminate\\Foundation\\Http\\Middleware\\TransformsRequest->handle()
#36 /home/mmonlinemedia.org/agamirsomoy.mmonlinemedia.org/bangla-admin/vendor/laravel/framework/src/Illuminate/Pipeline/Pipeline.php(167): Illuminate\\Foundation\\Http\\Middleware\\ConvertEmptyStringsToNull->handle()
#37 /home/mmonlinemedia.org/agamirsomoy.mmonlinemedia.org/bangla-admin/vendor/laravel/framework/src/Illuminate/Foundation/Http/Middleware/TransformsRequest.php(21): Illuminate\\Pipeline\\Pipeline->Illuminate\\Pipeline\\{closure}()
#38 /home/mmonlinemedia.org/agamirsomoy.mmonlinemedia.org/bangla-admin/vendor/laravel/framework/src/Illuminate/Foundation/Http/Middleware/TrimStrings.php(40): Illuminate\\Foundation\\Http\\Middleware\\TransformsRequest->handle()
#39 /home/mmonlinemedia.org/agamirsomoy.mmonlinemedia.org/bangla-admin/vendor/laravel/framework/src/Illuminate/Pipeline/Pipeline.php(167): Illuminate\\Foundation\\Http\\Middleware\\TrimStrings->handle()
#40 /home/mmonlinemedia.org/agamirsomoy.mmonlinemedia.org/bangla-admin/vendor/laravel/framework/src/Illuminate/Foundation/Http/Middleware/ValidatePostSize.php(27): Illuminate\\Pipeline\\Pipeline->Illuminate\\Pipeline\\{closure}()
#41 /home/mmonlinemedia.org/agamirsomoy.mmonlinemedia.org/bangla-admin/vendor/laravel/framework/src/Illuminate/Pipeline/Pipeline.php(167): Illuminate\\Foundation\\Http\\Middleware\\ValidatePostSize->handle()
#42 /home/mmonlinemedia.org/agamirsomoy.mmonlinemedia.org/bangla-admin/vendor/laravel/framework/src/Illuminate/Foundation/Http/Middleware/PreventRequestsDuringMaintenance.php(86): Illuminate\\Pipeline\\Pipeline->Illuminate\\Pipeline\\{closure}()
#43 /home/mmonlinemedia.org/agamirsomoy.mmonlinemedia.org/bangla-admin/vendor/laravel/framework/src/Illuminate/Pipeline/Pipeline.php(167): Illuminate\\Foundation\\Http\\Middleware\\PreventRequestsDuringMaintenance->handle()
#44 /home/mmonlinemedia.org/agamirsomoy.mmonlinemedia.org/bangla-admin/vendor/fruitcake/laravel-cors/src/HandleCors.php(38): Illuminate\\Pipeline\\Pipeline->Illuminate\\Pipeline\\{closure}()
#45 /home/mmonlinemedia.org/agamirsomoy.mmonlinemedia.org/bangla-admin/vendor/laravel/framework/src/Illuminate/Pipeline/Pipeline.php(167): Fruitcake\\Cors\\HandleCors->handle()
#46 /home/mmonlinemedia.org/agamirsomoy.mmonlinemedia.org/bangla-admin/vendor/laravel/framework/src/Illuminate/Http/Middleware/TrustProxies.php(39): Illuminate\\Pipeline\\Pipeline->Illuminate\\Pipeline\\{closure}()
#47 /home/mmonlinemedia.org/agamirsomoy.mmonlinemedia.org/bangla-admin/vendor/laravel/framework/src/Illuminate/Pipeline/Pipeline.php(167): Illuminate\\Http\\Middleware\\TrustProxies->handle()
#48 /home/mmonlinemedia.org/agamirsomoy.mmonlinemedia.org/bangla-admin/vendor/laravel/framework/src/Illuminate/Pipeline/Pipeline.php(103): Illuminate\\Pipeline\\Pipeline->Illuminate\\Pipeline\\{closure}()
#49 /home/mmonlinemedia.org/agamirsomoy.mmonlinemedia.org/bangla-admin/vendor/laravel/framework/src/Illuminate/Foundation/Http/Kernel.php(142): Illuminate\\Pipeline\\Pipeline->then()
#50 /home/mmonlinemedia.org/agamirsomoy.mmonlinemedia.org/bangla-admin/vendor/laravel/framework/src/Illuminate/Foundation/Http/Kernel.php(111): Illuminate\\Foundation\\Http\\Kernel->sendRequestThroughRouter()
#51 /home/mmonlinemedia.org/agamirsomoy.mmonlinemedia.org/bangla-admin/public/index.php(52): Illuminate\\Foundation\\Http\\Kernel->handle()
#52 {main}
"} 
[2026-01-13 21:56:22] local.ERROR: Call to undefined method App\Models\Category::generateUniqueSlug() {"userId":1,"exception":"[object] (BadMethodCallException(code: 0): Call to undefined method App\\Models\\Category::generateUniqueSlug() at /home/mmonlinemedia.org/agamirsomoy.mmonlinemedia.org/bangla-admin/vendor/laravel/framework/src/Illuminate/Support/Traits/ForwardsCalls.php:71)
[stacktrace]
#0 /home/mmonlinemedia.org/agamirsomoy.mmonlinemedia.org/bangla-admin/vendor/laravel/framework/src/Illuminate/Support/Traits/ForwardsCalls.php(36): Illuminate\\Database\\Eloquent\\Model::throwBadMethodCallException()
#1 /home/mmonlinemedia.org/agamirsomoy.mmonlinemedia.org/bangla-admin/vendor/laravel/framework/src/Illuminate/Database/Eloquent/Model.php(2132): Illuminate\\Database\\Eloquent\\Model->forwardCallTo()
#2 /home/mmonlinemedia.org/agamirsomoy.mmonlinemedia.org/bangla-admin/vendor/laravel/framework/src/Illuminate/Database/Eloquent/Model.php(2144): Illuminate\\Database\\Eloquent\\Model->__call()
#3 /home/mmonlinemedia.org/agamirsomoy.mmonlinemedia.org/bangla-admin/app/Http/Controllers/Category.php(68): Illuminate\\Database\\Eloquent\\Model::__callStatic()
#4 /home/mmonlinemedia.org/agamirsomoy.mmonlinemedia.org/bangla-admin/vendor/laravel/framework/src/Illuminate/Routing/Controller.php(54): App\\Http\\Controllers\\Category->update()
#5 /home/mmonlinemedia.org/agamirsomoy.mmonlinemedia.org/bangla-admin/vendor/laravel/framework/src/Illuminate/Routing/ControllerDispatcher.php(45): Illuminate\\Routing\\Controller->callAction()
#6 /home/mmonlinemedia.org/agamirsomoy.mmonlinemedia.org/bangla-admin/vendor/laravel/framework/src/Illuminate/Routing/Route.php(262): Illuminate\\Routing\\ControllerDispatcher->dispatch()
#7 /home/mmonlinemedia.org/agamirsomoy.mmonlinemedia.org/bangla-admin/vendor/laravel/framework/src/Illuminate/Routing/Route.php(205): Illuminate\\Routing\\Route->runController()
#8 /home/mmonlinemedia.org/agamirsomoy.mmonlinemedia.org/bangla-admin/vendor/laravel/framework/src/Illuminate/Routing/Router.php(721): Illuminate\\Routing\\Route->run()
#9 /home/mmonlinemedia.org/agamirsomoy.mmonlinemedia.org/bangla-admin/vendor/laravel/framework/src/Illuminate/Pipeline/Pipeline.php(128): Illuminate\\Routing\\Router->Illuminate\\Routing\\{closure}()
#10 /home/mmonlinemedia.org/agamirsomoy.mmonlinemedia.org/bangla-admin/app/Http/Middleware/DeveloperMiddleware.php(20): Illuminate\\Pipeline\\Pipeline->Illuminate\\Pipeline\\{closure}()
#11 /home/mmonlinemedia.org/agamirsomoy.mmonlinemedia.org/bangla-admin/vendor/laravel/framework/src/Illuminate/Pipeline/Pipeline.php(167): App\\Http\\Middleware\\DeveloperMiddleware->handle()
#12 /home/mmonlinemedia.org/agamirsomoy.mmonlinemedia.org/bangla-admin/vendor/laravel/framework/src/Illuminate/Routing/Middleware/SubstituteBindings.php(50): Illuminate\\Pipeline\\Pipeline->Illuminate\\Pipeline\\{closure}()
#13 /home/mmonlinemedia.org/agamirsomoy.mmonlinemedia.org/bangla-admin/vendor/laravel/framework/src/Illuminate/Pipeline/Pipeline.php(167): Illuminate\\Routing\\Middleware\\SubstituteBindings->handle()
#14 /home/mmonlinemedia.org/agamirsomoy.mmonlinemedia.org/bangla-admin/vendor/laravel/framework/src/Illuminate/Auth/Middleware/Authenticate.php(44): Illuminate\\Pipeline\\Pipeline->Illuminate\\Pipeline\\{closure}()
#15 /home/mmonlinemedia.org/agamirsomoy.mmonlinemedia.org/bangla-admin/vendor/laravel/framework/src/Illuminate/Pipeline/Pipeline.php(167): Illuminate\\Auth\\Middleware\\Authenticate->handle()
#16 /home/mmonlinemedia.org/agamirsomoy.mmonlinemedia.org/bangla-admin/vendor/laravel/framework/src/Illuminate/Foundation/Http/Middleware/VerifyCsrfToken.php(78): Illuminate\\Pipeline\\Pipeline->Illuminate\\Pipeline\\{closure}()
#17 /home/mmonlinemedia.org/agamirsomoy.mmonlinemedia.org/bangla-admin/vendor/laravel/framework/src/Illuminate/Pipeline/Pipeline.php(167): Illuminate\\Foundation\\Http\\Middleware\\VerifyCsrfToken->handle()
#18 /home/mmonlinemedia.org/agamirsomoy.mmonlinemedia.org/bangla-admin/vendor/laravel/framework/src/Illuminate/View/Middleware/ShareErrorsFromSession.php(49): Illuminate\\Pipeline\\Pipeline->Illuminate\\Pipeline\\{closure}()
#19 /home/mmonlinemedia.org/agamirsomoy.mmonlinemedia.org/bangla-admin/vendor/laravel/framework/src/Illuminate/Pipeline/Pipeline.php(167): Illuminate\\View\\Middleware\\ShareErrorsFromSession->handle()
#20 /home/mmonlinemedia.org/agamirsomoy.mmonlinemedia.org/bangla-admin/vendor/laravel/framework/src/Illuminate/Session/Middleware/StartSession.php(121): Illuminate\\Pipeline\\Pipeline->Illuminate\\Pipeline\\{closure}()
#21 /home/mmonlinemedia.org/agamirsomoy.mmonlinemedia.org/bangla-admin/vendor/laravel/framework/src/Illuminate/Session/Middleware/StartSession.php(64): Illuminate\\Session\\Middleware\\StartSession->handleStatefulRequest()
#22 /home/mmonlinemedia.org/agamirsomoy.mmonlinemedia.org/bangla-admin/vendor/laravel/framework/src/Illuminate/Pipeline/Pipeline.php(167): Illuminate\\Session\\Middleware\\StartSession->handle()
#23 /home/mmonlinemedia.org/agamirsomoy.mmonlinemedia.org/bangla-admin/vendor/laravel/framework/src/Illuminate/Cookie/Middleware/AddQueuedCookiesToResponse.php(37): Illuminate\\Pipeline\\Pipeline->Illuminate\\Pipeline\\{closure}()
#24 /home/mmonlinemedia.org/agamirsomoy.mmonlinemedia.org/bangla-admin/vendor/laravel/framework/src/Illuminate/Pipeline/Pipeline.php(167): Illuminate\\Cookie\\Middleware\\AddQueuedCookiesToResponse->handle()
#25 /home/mmonlinemedia.org/agamirsomoy.mmonlinemedia.org/bangla-admin/vendor/laravel/framework/src/Illuminate/Cookie/Middleware/EncryptCookies.php(67): Illuminate\\Pipeline\\Pipeline->Illuminate\\Pipeline\\{closure}()
#26 /home/mmonlinemedia.org/agamirsomoy.mmonlinemedia.org/bangla-admin/vendor/laravel/framework/src/Illuminate/Pipeline/Pipeline.php(167): Illuminate\\Cookie\\Middleware\\EncryptCookies->handle()
#27 /home/mmonlinemedia.org/agamirsomoy.mmonlinemedia.org/bangla-admin/vendor/laravel/framework/src/Illuminate/Pipeline/Pipeline.php(103): Illuminate\\Pipeline\\Pipeline->Illuminate\\Pipeline\\{closure}()
#28 /home/mmonlinemedia.org/agamirsomoy.mmonlinemedia.org/bangla-admin/vendor/laravel/framework/src/Illuminate/Routing/Router.php(723): Illuminate\\Pipeline\\Pipeline->then()
#29 /home/mmonlinemedia.org/agamirsomoy.mmonlinemedia.org/bangla-admin/vendor/laravel/framework/src/Illuminate/Routing/Router.php(698): Illuminate\\Routing\\Router->runRouteWithinStack()
#30 /home/mmonlinemedia.org/agamirsomoy.mmonlinemedia.org/bangla-admin/vendor/laravel/framework/src/Illuminate/Routing/Router.php(662): Illuminate\\Routing\\Router->runRoute()
#31 /home/mmonlinemedia.org/agamirsomoy.mmonlinemedia.org/bangla-admin/vendor/laravel/framework/src/Illuminate/Routing/Router.php(651): Illuminate\\Routing\\Router->dispatchToRoute()
#32 /home/mmonlinemedia.org/agamirsomoy.mmonlinemedia.org/bangla-admin/vendor/laravel/framework/src/Illuminate/Foundation/Http/Kernel.php(167): Illuminate\\Routing\\Router->dispatch()
#33 /home/mmonlinemedia.org/agamirsomoy.mmonlinemedia.org/bangla-admin/vendor/laravel/framework/src/Illuminate/Pipeline/Pipeline.php(128): Illuminate\\Foundation\\Http\\Kernel->Illuminate\\Foundation\\Http\\{closure}()
#34 /home/mmonlinemedia.org/agamirsomoy.mmonlinemedia.org/bangla-admin/vendor/fruitcake/laravel-cors/src/HandleCors.php(38): Illuminate\\Pipeline\\Pipeline->Illuminate\\Pipeline\\{closure}()
#35 /home/mmonlinemedia.org/agamirsomoy.mmonlinemedia.org/bangla-admin/vendor/laravel/framework/src/Illuminate/Pipeline/Pipeline.php(167): Fruitcake\\Cors\\HandleCors->handle()
#36 /home/mmonlinemedia.org/agamirsomoy.mmonlinemedia.org/bangla-admin/vendor/laravel/framework/src/Illuminate/Foundation/Http/Middleware/TransformsRequest.php(21): Illuminate\\Pipeline\\Pipeline->Illuminate\\Pipeline\\{closure}()
#37 /home/mmonlinemedia.org/agamirsomoy.mmonlinemedia.org/bangla-admin/vendor/laravel/framework/src/Illuminate/Foundation/Http/Middleware/ConvertEmptyStringsToNull.php(31): Illuminate\\Foundation\\Http\\Middleware\\TransformsRequest->handle()
#38 /home/mmonlinemedia.org/agamirsomoy.mmonlinemedia.org/bangla-admin/vendor/laravel/framework/src/Illuminate/Pipeline/Pipeline.php(167): Illuminate\\Foundation\\Http\\Middleware\\ConvertEmptyStringsToNull->handle()
#39 /home/mmonlinemedia.org/agamirsomoy.mmonlinemedia.org/bangla-admin/vendor/laravel/framework/src/Illuminate/Foundation/Http/Middleware/TransformsRequest.php(21): Illuminate\\Pipeline\\Pipeline->Illuminate\\Pipeline\\{closure}()
#40 /home/mmonlinemedia.org/agamirsomoy.mmonlinemedia.org/bangla-admin/vendor/laravel/framework/src/Illuminate/Foundation/Http/Middleware/TrimStrings.php(40): Illuminate\\Foundation\\Http\\Middleware\\TransformsRequest->handle()
#41 /home/mmonlinemedia.org/agamirsomoy.mmonlinemedia.org/bangla-admin/vendor/laravel/framework/src/Illuminate/Pipeline/Pipeline.php(167): Illuminate\\Foundation\\Http\\Middleware\\TrimStrings->handle()
#42 /home/mmonlinemedia.org/agamirsomoy.mmonlinemedia.org/bangla-admin/vendor/laravel/framework/src/Illuminate/Foundation/Http/Middleware/ValidatePostSize.php(27): Illuminate\\Pipeline\\Pipeline->Illuminate\\Pipeline\\{closure}()
#43 /home/mmonlinemedia.org/agamirsomoy.mmonlinemedia.org/bangla-admin/vendor/laravel/framework/src/Illuminate/Pipeline/Pipeline.php(167): Illuminate\\Foundation\\Http\\Middleware\\ValidatePostSize->handle()
#44 /home/mmonlinemedia.org/agamirsomoy.mmonlinemedia.org/bangla-admin/vendor/laravel/framework/src/Illuminate/Foundation/Http/Middleware/PreventRequestsDuringMaintenance.php(86): Illuminate\\Pipeline\\Pipeline->Illuminate\\Pipeline\\{closure}()
#45 /home/mmonlinemedia.org/agamirsomoy.mmonlinemedia.org/bangla-admin/vendor/laravel/framework/src/Illuminate/Pipeline/Pipeline.php(167): Illuminate\\Foundation\\Http\\Middleware\\PreventRequestsDuringMaintenance->handle()
#46 /home/mmonlinemedia.org/agamirsomoy.mmonlinemedia.org/bangla-admin/vendor/fruitcake/laravel-cors/src/HandleCors.php(38): Illuminate\\Pipeline\\Pipeline->Illuminate\\Pipeline\\{closure}()
#47 /home/mmonlinemedia.org/agamirsomoy.mmonlinemedia.org/bangla-admin/vendor/laravel/framework/src/Illuminate/Pipeline/Pipeline.php(167): Fruitcake\\Cors\\HandleCors->handle()
#48 /home/mmonlinemedia.org/agamirsomoy.mmonlinemedia.org/bangla-admin/vendor/laravel/framework/src/Illuminate/Http/Middleware/TrustProxies.php(39): Illuminate\\Pipeline\\Pipeline->Illuminate\\Pipeline\\{closure}()
#49 /home/mmonlinemedia.org/agamirsomoy.mmonlinemedia.org/bangla-admin/vendor/laravel/framework/src/Illuminate/Pipeline/Pipeline.php(167): Illuminate\\Http\\Middleware\\TrustProxies->handle()
#50 /home/mmonlinemedia.org/agamirsomoy.mmonlinemedia.org/bangla-admin/vendor/laravel/framework/src/Illuminate/Pipeline/Pipeline.php(103): Illuminate\\Pipeline\\Pipeline->Illuminate\\Pipeline\\{closure}()
#51 /home/mmonlinemedia.org/agamirsomoy.mmonlinemedia.org/bangla-admin/vendor/laravel/framework/src/Illuminate/Foundation/Http/Kernel.php(142): Illuminate\\Pipeline\\Pipeline->then()
#52 /home/mmonlinemedia.org/agamirsomoy.mmonlinemedia.org/bangla-admin/vendor/laravel/framework/src/Illuminate/Foundation/Http/Kernel.php(111): Illuminate\\Foundation\\Http\\Kernel->sendRequestThroughRouter()
#53 /home/mmonlinemedia.org/agamirsomoy.mmonlinemedia.org/bangla-admin/public/index.php(52): Illuminate\\Foundation\\Http\\Kernel->handle()
#54 {main}
"} 
[2026-01-13 21:57:03] local.ERROR: Carbon\Carbon::setLastErrors(): Argument #1 ($lastErrors) must be of type array, bool given, called in /home/mmonlinemedia.org/agamirsomoy.mmonlinemedia.org/bangla-admin/vendor/nesbot/carbon/src/Carbon/Traits/Creator.php on line 98 {"exception":"[object] (TypeError(code: 0): Carbon\\Carbon::setLastErrors(): Argument #1 ($lastErrors) must be of type array, bool given, called in /home/mmonlinemedia.org/agamirsomoy.mmonlinemedia.org/bangla-admin/vendor/nesbot/carbon/src/Carbon/Traits/Creator.php on line 98 at /home/mmonlinemedia.org/agamirsomoy.mmonlinemedia.org/bangla-admin/vendor/nesbot/carbon/src/Carbon/Traits/Creator.php:928)
[stacktrace]
#0 /home/mmonlinemedia.org/agamirsomoy.mmonlinemedia.org/bangla-admin/vendor/nesbot/carbon/src/Carbon/Traits/Creator.php(98): Carbon\\Carbon::setLastErrors()
#1 /home/mmonlinemedia.org/agamirsomoy.mmonlinemedia.org/bangla-admin/vendor/nesbot/carbon/src/Carbon/Traits/Creator.php(252): Carbon\\Carbon->__construct()
#2 /home/mmonlinemedia.org/agamirsomoy.mmonlinemedia.org/bangla-admin/vendor/laravel/framework/src/Illuminate/Support/DateFactory.php(217): Carbon\\Carbon::now()
#3 /home/mmonlinemedia.org/agamirsomoy.mmonlinemedia.org/bangla-admin/vendor/laravel/framework/src/Illuminate/Support/Facades/Facade.php(261): Illuminate\\Support\\DateFactory->__call()
#4 /home/mmonlinemedia.org/agamirsomoy.mmonlinemedia.org/bangla-admin/vendor/laravel/framework/src/Illuminate/Console/Scheduling/ScheduleRunCommand.php(73): Illuminate\\Support\\Facades\\Facade::__callStatic()
#5 [internal function]: Illuminate\\Console\\Scheduling\\ScheduleRunCommand->__construct()
#6 /home/mmonlinemedia.org/agamirsomoy.mmonlinemedia.org/bangla-admin/vendor/laravel/framework/src/Illuminate/Container/Container.php(917): ReflectionClass->newInstanceArgs()
#7 /home/mmonlinemedia.org/agamirsomoy.mmonlinemedia.org/bangla-admin/vendor/laravel/framework/src/Illuminate/Container/Container.php(292): Illuminate\\Container\\Container->build()
#8 /home/mmonlinemedia.org/agamirsomoy.mmonlinemedia.org/bangla-admin/vendor/laravel/framework/src/Illuminate/Container/Container.php(873): Illuminate\\Container\\Container->Illuminate\\Container\\{closure}()
#9 /home/mmonlinemedia.org/agamirsomoy.mmonlinemedia.org/bangla-admin/vendor/laravel/framework/src/Illuminate/Container/Container.php(758): Illuminate\\Container\\Container->build()
#10 /home/mmonlinemedia.org/agamirsomoy.mmonlinemedia.org/bangla-admin/vendor/laravel/framework/src/Illuminate/Foundation/Application.php(851): Illuminate\\Container\\Container->resolve()
#11 /home/mmonlinemedia.org/agamirsomoy.mmonlinemedia.org/bangla-admin/vendor/laravel/framework/src/Illuminate/Container/Container.php(694): Illuminate\\Foundation\\Application->resolve()
#12 /home/mmonlinemedia.org/agamirsomoy.mmonlinemedia.org/bangla-admin/vendor/laravel/framework/src/Illuminate/Foundation/Application.php(836): Illuminate\\Container\\Container->make()
#13 /home/mmonlinemedia.org/agamirsomoy.mmonlinemedia.org/bangla-admin/vendor/laravel/framework/src/Illuminate/Console/Application.php(262): Illuminate\\Foundation\\Application->make()
#14 /home/mmonlinemedia.org/agamirsomoy.mmonlinemedia.org/bangla-admin/vendor/laravel/framework/src/Illuminate/Console/Application.php(276): Illuminate\\Console\\Application->resolve()
#15 /home/mmonlinemedia.org/agamirsomoy.mmonlinemedia.org/bangla-admin/vendor/laravel/framework/src/Illuminate/Support/ServiceProvider.php(404): Illuminate\\Console\\Application->resolveCommands()
#16 /home/mmonlinemedia.org/agamirsomoy.mmonlinemedia.org/bangla-admin/vendor/laravel/framework/src/Illuminate/Console/Application.php(153): Illuminate\\Support\\ServiceProvider->Illuminate\\Support\\{closure}()
#17 /home/mmonlinemedia.org/agamirsomoy.mmonlinemedia.org/bangla-admin/vendor/laravel/framework/src/Illuminate/Console/Application.php(74): Illuminate\\Console\\Application->bootstrap()
#18 /home/mmonlinemedia.org/agamirsomoy.mmonlinemedia.org/bangla-admin/vendor/laravel/framework/src/Illuminate/Foundation/Console/Kernel.php(330): Illuminate\\Console\\Application->__construct()
#19 /home/mmonlinemedia.org/agamirsomoy.mmonlinemedia.org/bangla-admin/vendor/laravel/framework/src/Illuminate/Foundation/Console/Kernel.php(129): Illuminate\\Foundation\\Console\\Kernel->getArtisan()
#20 /home/mmonlinemedia.org/agamirsomoy.mmonlinemedia.org/bangla-admin/artisan(35): Illuminate\\Foundation\\Console\\Kernel->handle()
#21 {main}
"} 
[2026-01-13 21:57:26] local.ERROR: Carbon\Carbon::setLastErrors(): Argument #1 ($lastErrors) must be of type array, bool given, called in /home/mmonlinemedia.org/agamirsomoy.mmonlinemedia.org/bangla-admin/vendor/nesbot/carbon/src/Carbon/Traits/Creator.php on line 98 {"exception":"[object] (TypeError(code: 0): Carbon\\Carbon::setLastErrors(): Argument #1 ($lastErrors) must be of type array, bool given, called in /home/mmonlinemedia.org/agamirsomoy.mmonlinemedia.org/bangla-admin/vendor/nesbot/carbon/src/Carbon/Traits/Creator.php on line 98 at /home/mmonlinemedia.org/agamirsomoy.mmonlinemedia.org/bangla-admin/vendor/nesbot/carbon/src/Carbon/Traits/Creator.php:928)
[stacktrace]
#0 /home/mmonlinemedia.org/agamirsomoy.mmonlinemedia.org/bangla-admin/vendor/nesbot/carbon/src/Carbon/Traits/Creator.php(98): Carbon\\Carbon::setLastErrors()
#1 /home/mmonlinemedia.org/agamirsomoy.mmonlinemedia.org/bangla-admin/vendor/nesbot/carbon/src/Carbon/Traits/Creator.php(252): Carbon\\Carbon->__construct()
#2 /home/mmonlinemedia.org/agamirsomoy.mmonlinemedia.org/bangla-admin/vendor/laravel/framework/src/Illuminate/Support/DateFactory.php(217): Carbon\\Carbon::now()
#3 /home/mmonlinemedia.org/agamirsomoy.mmonlinemedia.org/bangla-admin/vendor/laravel/framework/src/Illuminate/Support/Facades/Facade.php(261): Illuminate\\Support\\DateFactory->__call()
#4 /home/mmonlinemedia.org/agamirsomoy.mmonlinemedia.org/bangla-admin/vendor/laravel/framework/src/Illuminate/Console/Scheduling/ScheduleRunCommand.php(73): Illuminate\\Support\\Facades\\Facade::__callStatic()
#5 [internal function]: Illuminate\\Console\\Scheduling\\ScheduleRunCommand->__construct()
#6 /home/mmonlinemedia.org/agamirsomoy.mmonlinemedia.org/bangla-admin/vendor/laravel/framework/src/Illuminate/Container/Container.php(917): ReflectionClass->newInstanceArgs()
#7 /home/mmonlinemedia.org/agamirsomoy.mmonlinemedia.org/bangla-admin/vendor/laravel/framework/src/Illuminate/Container/Container.php(292): Illuminate\\Container\\Container->build()
#8 /home/mmonlinemedia.org/agamirsomoy.mmonlinemedia.org/bangla-admin/vendor/laravel/framework/src/Illuminate/Container/Container.php(873): Illuminate\\Container\\Container->Illuminate\\Container\\{closure}()
#9 /home/mmonlinemedia.org/agamirsomoy.mmonlinemedia.org/bangla-admin/vendor/laravel/framework/src/Illuminate/Container/Container.php(758): Illuminate\\Container\\Container->build()
#10 /home/mmonlinemedia.org/agamirsomoy.mmonlinemedia.org/bangla-admin/vendor/laravel/framework/src/Illuminate/Foundation/Application.php(851): Illuminate\\Container\\Container->resolve()
#11 /home/mmonlinemedia.org/agamirsomoy.mmonlinemedia.org/bangla-admin/vendor/laravel/framework/src/Illuminate/Container/Container.php(694): Illuminate\\Foundation\\Application->resolve()
#12 /home/mmonlinemedia.org/agamirsomoy.mmonlinemedia.org/bangla-admin/vendor/laravel/framework/src/Illuminate/Foundation/Application.php(836): Illuminate\\Container\\Container->make()
#13 /home/mmonlinemedia.org/agamirsomoy.mmonlinemedia.org/bangla-admin/vendor/laravel/framework/src/Illuminate/Console/Application.php(262): Illuminate\\Foundation\\Application->make()
#14 /home/mmonlinemedia.org/agamirsomoy.mmonlinemedia.org/bangla-admin/vendor/laravel/framework/src/Illuminate/Console/Application.php(276): Illuminate\\Console\\Application->resolve()
#15 /home/mmonlinemedia.org/agamirsomoy.mmonlinemedia.org/bangla-admin/vendor/laravel/framework/src/Illuminate/Support/ServiceProvider.php(404): Illuminate\\Console\\Application->resolveCommands()
#16 /home/mmonlinemedia.org/agamirsomoy.mmonlinemedia.org/bangla-admin/vendor/laravel/framework/src/Illuminate/Console/Application.php(153): Illuminate\\Support\\ServiceProvider->Illuminate\\Support\\{closure}()
#17 /home/mmonlinemedia.org/agamirsomoy.mmonlinemedia.org/bangla-admin/vendor/laravel/framework/src/Illuminate/Console/Application.php(74): Illuminate\\Console\\Application->bootstrap()
#18 /home/mmonlinemedia.org/agamirsomoy.mmonlinemedia.org/bangla-admin/vendor/laravel/framework/src/Illuminate/Foundation/Console/Kernel.php(330): Illuminate\\Console\\Application->__construct()
#19 /home/mmonlinemedia.org/agamirsomoy.mmonlinemedia.org/bangla-admin/vendor/laravel/framework/src/Illuminate/Foundation/Console/Kernel.php(129): Illuminate\\Foundation\\Console\\Kernel->getArtisan()
#20 /home/mmonlinemedia.org/agamirsomoy.mmonlinemedia.org/bangla-admin/artisan(35): Illuminate\\Foundation\\Console\\Kernel->handle()
#21 {main}
"} 
[2026-01-19 19:19:56] local.ERROR: Invalid URI. {"exception":"[object] (Symfony\\Component\\HttpFoundation\\Exception\\BadRequestException(code: 0): Invalid URI. at D:\\Agamir somoy\\bangla-admin\\vendor\\symfony\\http-foundation\\Request.php:362)
[stacktrace]
#0 D:\\Agamir somoy\\bangla-admin\\vendor\\laravel\\framework\\src\\Illuminate\\Foundation\\Bootstrap\\SetRequestForConsole.php(32): Symfony\\Component\\HttpFoundation\\Request::create('http://127.0.0....', 'GET', Array, Array, Array, Array)
#1 D:\\Agamir somoy\\bangla-admin\\vendor\\laravel\\framework\\src\\Illuminate\\Foundation\\Application.php(237): Illuminate\\Foundation\\Bootstrap\\SetRequestForConsole->bootstrap(Object(Illuminate\\Foundation\\Application))
#2 D:\\Agamir somoy\\bangla-admin\\vendor\\laravel\\framework\\src\\Illuminate\\Foundation\\Console\\Kernel.php(310): Illuminate\\Foundation\\Application->bootstrapWith(Array)
#3 D:\\Agamir somoy\\bangla-admin\\vendor\\laravel\\framework\\src\\Illuminate\\Foundation\\Console\\Kernel.php(127): Illuminate\\Foundation\\Console\\Kernel->bootstrap()
#4 D:\\Agamir somoy\\bangla-admin\\artisan(37): Illuminate\\Foundation\\Console\\Kernel->handle(Object(Symfony\\Component\\Console\\Input\\ArgvInput), Object(Symfony\\Component\\Console\\Output\\ConsoleOutput))
#5 {main}
"} 
[2026-01-19 19:19:58] local.ERROR: Invalid URI. {"exception":"[object] (Symfony\\Component\\HttpFoundation\\Exception\\BadRequestException(code: 0): Invalid URI. at D:\\Agamir somoy\\bangla-admin\\vendor\\symfony\\http-foundation\\Request.php:362)
[stacktrace]
#0 D:\\Agamir somoy\\bangla-admin\\vendor\\laravel\\framework\\src\\Illuminate\\Foundation\\Bootstrap\\SetRequestForConsole.php(32): Symfony\\Component\\HttpFoundation\\Request::create('http://127.0.0....', 'GET', Array, Array, Array, Array)
#1 D:\\Agamir somoy\\bangla-admin\\vendor\\laravel\\framework\\src\\Illuminate\\Foundation\\Application.php(237): Illuminate\\Foundation\\Bootstrap\\SetRequestForConsole->bootstrap(Object(Illuminate\\Foundation\\Application))
#2 D:\\Agamir somoy\\bangla-admin\\vendor\\laravel\\framework\\src\\Illuminate\\Foundation\\Console\\Kernel.php(310): Illuminate\\Foundation\\Application->bootstrapWith(Array)
#3 D:\\Agamir somoy\\bangla-admin\\vendor\\laravel\\framework\\src\\Illuminate\\Foundation\\Console\\Kernel.php(127): Illuminate\\Foundation\\Console\\Kernel->bootstrap()
#4 D:\\Agamir somoy\\bangla-admin\\artisan(37): Illuminate\\Foundation\\Console\\Kernel->handle(Object(Symfony\\Component\\Console\\Input\\ArgvInput), Object(Symfony\\Component\\Console\\Output\\ConsoleOutput))
#5 {main}
"} 
[2026-01-19 19:20:17] local.ERROR: Invalid URI. {"exception":"[object] (Symfony\\Component\\HttpFoundation\\Exception\\BadRequestException(code: 0): Invalid URI. at D:\\Agamir somoy\\bangla-admin\\vendor\\symfony\\http-foundation\\Request.php:362)
[stacktrace]
#0 D:\\Agamir somoy\\bangla-admin\\vendor\\laravel\\framework\\src\\Illuminate\\Foundation\\Bootstrap\\SetRequestForConsole.php(32): Symfony\\Component\\HttpFoundation\\Request::create('http://127.0.0....', 'GET', Array, Array, Array, Array)
#1 D:\\Agamir somoy\\bangla-admin\\vendor\\laravel\\framework\\src\\Illuminate\\Foundation\\Application.php(237): Illuminate\\Foundation\\Bootstrap\\SetRequestForConsole->bootstrap(Object(Illuminate\\Foundation\\Application))
#2 D:\\Agamir somoy\\bangla-admin\\vendor\\laravel\\framework\\src\\Illuminate\\Foundation\\Console\\Kernel.php(310): Illuminate\\Foundation\\Application->bootstrapWith(Array)
#3 D:\\Agamir somoy\\bangla-admin\\vendor\\laravel\\framework\\src\\Illuminate\\Foundation\\Console\\Kernel.php(127): Illuminate\\Foundation\\Console\\Kernel->bootstrap()
#4 D:\\Agamir somoy\\bangla-admin\\artisan(37): Illuminate\\Foundation\\Console\\Kernel->handle(Object(Symfony\\Component\\Console\\Input\\ArgvInput), Object(Symfony\\Component\\Console\\Output\\ConsoleOutput))
#5 {main}
"} 
[2026-01-19 19:20:24] local.ERROR: Invalid URI. {"exception":"[object] (Symfony\\Component\\HttpFoundation\\Exception\\BadRequestException(code: 0): Invalid URI. at D:\\Agamir somoy\\bangla-admin\\vendor\\symfony\\http-foundation\\Request.php:362)
[stacktrace]
#0 D:\\Agamir somoy\\bangla-admin\\vendor\\laravel\\framework\\src\\Illuminate\\Foundation\\Bootstrap\\SetRequestForConsole.php(32): Symfony\\Component\\HttpFoundation\\Request::create('http://127.0.0....', 'GET', Array, Array, Array, Array)
#1 D:\\Agamir somoy\\bangla-admin\\vendor\\laravel\\framework\\src\\Illuminate\\Foundation\\Application.php(237): Illuminate\\Foundation\\Bootstrap\\SetRequestForConsole->bootstrap(Object(Illuminate\\Foundation\\Application))
#2 D:\\Agamir somoy\\bangla-admin\\vendor\\laravel\\framework\\src\\Illuminate\\Foundation\\Console\\Kernel.php(310): Illuminate\\Foundation\\Application->bootstrapWith(Array)
#3 D:\\Agamir somoy\\bangla-admin\\vendor\\laravel\\framework\\src\\Illuminate\\Foundation\\Console\\Kernel.php(127): Illuminate\\Foundation\\Console\\Kernel->bootstrap()
#4 D:\\Agamir somoy\\bangla-admin\\artisan(37): Illuminate\\Foundation\\Console\\Kernel->handle(Object(Symfony\\Component\\Console\\Input\\ArgvInput), Object(Symfony\\Component\\Console\\Output\\ConsoleOutput))
#5 {main}
"} 
